11月-12 15:45:04.777 [main] DEBUG nextflow.cli.Launcher - $> nextflow run mRNA.nf --fqlist fastq.list --group group.list --ref GCF_000002035.6_GRCz11_genomic.fna --gff GCF_000002035.6_GRCz11_genomic.gff --group group.list --condition condition.list --go_annotation ../Annotation/demo/
11月-12 15:45:04.980 [main] INFO  nextflow.cli.CmdRun - N E X T F L O W  ~  version 21.04.3
11月-12 15:45:05.034 [main] INFO  nextflow.cli.CmdRun - Launching `mRNA.nf` [exotic_majorana] - revision: e84c2418a9
11月-12 15:45:05.155 [main] DEBUG nextflow.plugin.PluginsFacade - Setting up plugin manager > mode=prod; plugins-dir=/mnt/ilustre/users/dna/.nextflow/plugins
11月-12 15:45:05.158 [main] DEBUG nextflow.plugin.PluginsFacade - Plugins default=[]
11月-12 15:45:05.161 [main] DEBUG nextflow.plugin.PluginsFacade - Plugins local root: .nextflow/plr/empty
11月-12 15:45:05.171 [main] INFO  org.pf4j.DefaultPluginStatusProvider - Enabled plugins: []
11月-12 15:45:05.173 [main] INFO  org.pf4j.DefaultPluginStatusProvider - Disabled plugins: []
11月-12 15:45:05.177 [main] INFO  org.pf4j.DefaultPluginManager - PF4J version 3.4.1 in 'deployment' mode
11月-12 15:45:05.192 [main] INFO  org.pf4j.AbstractPluginManager - No plugins
11月-12 15:45:05.283 [main] DEBUG nextflow.Session - Session uuid: 17b7a307-b403-4f18-b923-6cb3d597b236
11月-12 15:45:05.284 [main] DEBUG nextflow.Session - Run name: exotic_majorana
11月-12 15:45:05.288 [main] DEBUG nextflow.Session - Executor pool size: 64
11月-12 15:45:05.348 [main] DEBUG nextflow.cli.CmdRun - 
  Version: 21.04.3 build 5560
  Created: 21-07-2021 15:09 UTC (23:09 CDT)
  System: Linux 4.18.0-240.22.1.el8_3.x86_64
  Runtime: Groovy 3.0.7 on Java HotSpot(TM) 64-Bit Server VM 11.0.11+9-LTS-194
  Encoding: UTF-8 (UTF-8)
  Process: 3271998@compute-5-95 [10.2.4.236]
  CPUs: 64 - Mem: 125.2 GB (54.8 GB) - Swap: 4 GB (2.7 GB)
11月-12 15:45:05.392 [main] DEBUG nextflow.Session - Work-dir: /mnt/ilustre/users/dna/Pipeline/NextFlow/bio-nextflow/mRNA/work [lustre]
11月-12 15:45:05.424 [main] DEBUG nextflow.executor.ExecutorFactory - Extension executors providers=[]
11月-12 15:45:05.443 [main] DEBUG nextflow.Session - Observer factory: DefaultObserverFactory
11月-12 15:45:05.656 [main] DEBUG nextflow.Session - Session start invoked
11月-12 15:45:07.923 [main] DEBUG nextflow.script.ScriptRunner - > Launching execution
11月-12 15:45:07.937 [main] DEBUG nextflow.Session - Workflow process names [dsl1]: bqsr, DEGene, snpEff, sampleAssemble, satuation, read_distribution, mkdup, mergefq, enrichKEGG, prermats, fastp, mapping, gvcftyper, refdict, geneBody_coverage, corPCA, mappingQC, mergeVcfs, snpFilterAnno, indelFilterAnno, enrichGO, bamsort, haplotyper, fastqc, mergeAssemble, reassemble, runrmats, DEtrans, prepDE, refindex, refFai, coverage_all
11月-12 15:45:08.227 [main] DEBUG nextflow.executor.ExecutorFactory - << taskConfig executor: slurm
11月-12 15:45:08.227 [main] DEBUG nextflow.executor.ExecutorFactory - >> processorType: 'slurm'
11月-12 15:45:08.241 [main] DEBUG nextflow.executor.Executor - [warm up] executor > slurm
11月-12 15:45:08.250 [main] DEBUG n.processor.TaskPollingMonitor - Creating task monitor for executor 'slurm' > capacity: 100; pollInterval: 5s; dumpInterval: 5m 
11月-12 15:45:08.256 [main] DEBUG n.executor.AbstractGridExecutor - Creating executor 'slurm' > queue-stat-interval: 1m
11月-12 15:45:08.386 [main] DEBUG nextflow.executor.ExecutorFactory - << taskConfig executor: slurm
11月-12 15:45:08.387 [main] DEBUG nextflow.executor.ExecutorFactory - >> processorType: 'slurm'
11月-12 15:45:08.412 [main] DEBUG nextflow.executor.ExecutorFactory - << taskConfig executor: slurm
11月-12 15:45:08.414 [main] DEBUG nextflow.executor.ExecutorFactory - >> processorType: 'slurm'
11月-12 15:45:08.425 [main] DEBUG nextflow.executor.ExecutorFactory - << taskConfig executor: slurm
11月-12 15:45:08.426 [main] DEBUG nextflow.executor.ExecutorFactory - >> processorType: 'slurm'
11月-12 15:45:08.454 [main] DEBUG nextflow.executor.ExecutorFactory - << taskConfig executor: slurm
11月-12 15:45:08.454 [main] DEBUG nextflow.executor.ExecutorFactory - >> processorType: 'slurm'
11月-12 15:45:08.470 [main] DEBUG nextflow.executor.ExecutorFactory - << taskConfig executor: slurm
11月-12 15:45:08.471 [main] DEBUG nextflow.executor.ExecutorFactory - >> processorType: 'slurm'
11月-12 15:45:08.495 [main] DEBUG nextflow.executor.ExecutorFactory - << taskConfig executor: slurm
11月-12 15:45:08.496 [main] DEBUG nextflow.executor.ExecutorFactory - >> processorType: 'slurm'
11月-12 15:45:08.525 [main] DEBUG nextflow.executor.ExecutorFactory - << taskConfig executor: slurm
11月-12 15:45:08.525 [main] DEBUG nextflow.executor.ExecutorFactory - >> processorType: 'slurm'
11月-12 15:45:38.161 [SIGTERM handler] DEBUG nextflow.Session - Session aborted -- Cause: SIGTERM
11月-12 15:45:38.176 [main] DEBUG nextflow.executor.ExecutorFactory - << taskConfig executor: slurm
11月-12 15:45:38.176 [main] DEBUG nextflow.executor.ExecutorFactory - >> processorType: 'slurm'
11月-12 15:45:38.185 [main] DEBUG nextflow.executor.ExecutorFactory - << taskConfig executor: slurm
11月-12 15:45:38.185 [main] DEBUG nextflow.executor.ExecutorFactory - >> processorType: 'slurm'
11月-12 15:45:38.211 [main] DEBUG nextflow.executor.ExecutorFactory - << taskConfig executor: slurm
11月-12 15:45:38.211 [main] DEBUG nextflow.executor.ExecutorFactory - >> processorType: 'slurm'
11月-12 15:45:38.216 [SIGTERM handler] DEBUG nextflow.Session - The following nodes are still active:
[process] mergefq
  status=ACTIVE
  port 0: (queue) closed; channel: -
  port 1: (cntrl) -     ; channel: $

[process] fastp
  status=ACTIVE
  port 0: (queue) OPEN  ; channel: -
  port 1: (cntrl) -     ; channel: $

[process] fastqc
  status=ACTIVE
  port 0: (queue) OPEN  ; channel: -
  port 1: (cntrl) -     ; channel: $

[process] refFai
  status=ACTIVE
  port 0: (value) bound ; channel: ref
  port 1: (cntrl) -     ; channel: $

[process] refdict
  status=ACTIVE
  port 0: (value) bound ; channel: ref
  port 1: (cntrl) -     ; channel: $

[process] refindex
  status=ACTIVE
  port 0: (value) bound ; channel: ref
  port 1: (value) bound ; channel: gff
  port 2: (cntrl) -     ; channel: $

[process] snpEff
  status=ACTIVE
  port 0: (value) bound ; channel: ref
  port 1: (value) bound ; channel: gff
  port 2: (cntrl) -     ; channel: $

11月-12 15:45:38.224 [main] DEBUG nextflow.executor.ExecutorFactory - << taskConfig executor: slurm
11月-12 15:45:38.225 [main] DEBUG nextflow.executor.ExecutorFactory - >> processorType: 'slurm'
11月-12 15:45:38.234 [main] DEBUG nextflow.executor.ExecutorFactory - << taskConfig executor: slurm
11月-12 15:45:38.234 [main] DEBUG nextflow.executor.ExecutorFactory - >> processorType: 'slurm'
11月-12 15:45:38.238 [main] DEBUG nextflow.executor.ExecutorFactory - << taskConfig executor: slurm
11月-12 15:45:38.239 [main] DEBUG nextflow.executor.ExecutorFactory - >> processorType: 'slurm'
11月-12 15:45:38.244 [main] DEBUG nextflow.executor.ExecutorFactory - << taskConfig executor: slurm
11月-12 15:45:38.244 [main] DEBUG nextflow.executor.ExecutorFactory - >> processorType: 'slurm'
11月-12 15:45:38.250 [main] DEBUG nextflow.executor.ExecutorFactory - << taskConfig executor: slurm
11月-12 15:45:38.251 [main] DEBUG nextflow.executor.ExecutorFactory - >> processorType: 'slurm'
11月-12 15:45:38.258 [main] DEBUG nextflow.executor.ExecutorFactory - << taskConfig executor: slurm
11月-12 15:45:38.259 [main] DEBUG nextflow.executor.ExecutorFactory - >> processorType: 'slurm'
11月-12 15:45:38.263 [main] DEBUG nextflow.executor.ExecutorFactory - << taskConfig executor: slurm
11月-12 15:45:38.264 [main] DEBUG nextflow.executor.ExecutorFactory - >> processorType: 'slurm'
11月-12 15:45:38.268 [main] DEBUG nextflow.executor.ExecutorFactory - << taskConfig executor: slurm
11月-12 15:45:38.269 [main] DEBUG nextflow.executor.ExecutorFactory - >> processorType: 'slurm'
11月-12 15:45:38.274 [main] DEBUG nextflow.executor.ExecutorFactory - << taskConfig executor: slurm
11月-12 15:45:38.274 [main] DEBUG nextflow.executor.ExecutorFactory - >> processorType: 'slurm'
11月-12 15:45:38.278 [main] DEBUG nextflow.executor.ExecutorFactory - << taskConfig executor: slurm
11月-12 15:45:38.278 [main] DEBUG nextflow.executor.ExecutorFactory - >> processorType: 'slurm'
11月-12 15:45:38.282 [main] DEBUG nextflow.executor.ExecutorFactory - << taskConfig executor: slurm
11月-12 15:45:38.282 [main] DEBUG nextflow.executor.ExecutorFactory - >> processorType: 'slurm'
11月-12 15:45:38.286 [main] DEBUG nextflow.executor.ExecutorFactory - << taskConfig executor: slurm
11月-12 15:45:38.287 [main] DEBUG nextflow.executor.ExecutorFactory - >> processorType: 'slurm'
11月-12 15:45:38.294 [main] DEBUG nextflow.executor.ExecutorFactory - << taskConfig executor: slurm
11月-12 15:45:38.294 [main] DEBUG nextflow.executor.ExecutorFactory - >> processorType: 'slurm'
11月-12 15:45:38.301 [main] DEBUG nextflow.executor.ExecutorFactory - << taskConfig executor: slurm
11月-12 15:45:38.301 [main] DEBUG nextflow.executor.ExecutorFactory - >> processorType: 'slurm'
11月-12 15:45:38.307 [main] DEBUG nextflow.executor.ExecutorFactory - << taskConfig executor: slurm
11月-12 15:45:38.308 [main] DEBUG nextflow.executor.ExecutorFactory - >> processorType: 'slurm'
11月-12 15:45:38.313 [main] DEBUG nextflow.executor.ExecutorFactory - << taskConfig executor: slurm
11月-12 15:45:38.313 [main] DEBUG nextflow.executor.ExecutorFactory - >> processorType: 'slurm'
11月-12 15:45:38.319 [main] DEBUG nextflow.executor.ExecutorFactory - << taskConfig executor: slurm
11月-12 15:45:38.319 [main] DEBUG nextflow.executor.ExecutorFactory - >> processorType: 'slurm'
11月-12 15:45:38.323 [main] DEBUG nextflow.executor.ExecutorFactory - << taskConfig executor: slurm
11月-12 15:45:38.323 [main] DEBUG nextflow.executor.ExecutorFactory - >> processorType: 'slurm'
11月-12 15:45:38.327 [main] DEBUG nextflow.executor.ExecutorFactory - << taskConfig executor: slurm
11月-12 15:45:38.327 [main] DEBUG nextflow.executor.ExecutorFactory - >> processorType: 'slurm'
11月-12 15:45:38.331 [main] DEBUG nextflow.executor.ExecutorFactory - << taskConfig executor: slurm
11月-12 15:45:38.331 [main] DEBUG nextflow.executor.ExecutorFactory - >> processorType: 'slurm'
11月-12 15:45:38.358 [main] DEBUG nextflow.executor.ExecutorFactory - << taskConfig executor: slurm
11月-12 15:45:38.358 [main] DEBUG nextflow.executor.ExecutorFactory - >> processorType: 'slurm'
11月-12 15:45:38.360 [main] DEBUG nextflow.script.ScriptRunner - > Await termination 
11月-12 15:45:38.361 [main] DEBUG nextflow.Session - Session await
11月-12 15:45:38.361 [main] DEBUG nextflow.Session - Session await > all process finished
11月-12 15:45:38.361 [main] DEBUG nextflow.Session - Session await > all barriers passed
11月-12 15:45:38.371 [main] DEBUG nextflow.trace.WorkflowStatsObserver - Workflow completed > WorkflowStats[succeededCount=0; failedCount=0; ignoredCount=0; cachedCount=0; pendingCount=19; submittedCount=0; runningCount=0; retriesCount=0; abortedCount=0; succeedDuration=0ms; failedDuration=0ms; cachedDuration=0ms;loadCpus=0; loadMemory=0; peakRunning=0; peakCpus=0; peakMemory=0; ]
11月-12 15:45:38.375 [main] DEBUG nextflow.file.SortFileCollector - FileCollector temp dir not removed: null
11月-12 15:45:38.387 [main] DEBUG nextflow.CacheDB - Closing CacheDB done
11月-12 15:45:38.424 [main] DEBUG nextflow.script.ScriptRunner - > Execution complete -- Goodbye
