9月-30 14:25:26.573 [main] DEBUG nextflow.cli.Launcher - $> nextflow run blast.nf --query ../Annotation/demo/01.split/ref.final.fa --dblist db.list
9月-30 14:25:26.719 [main] INFO  nextflow.cli.CmdRun - N E X T F L O W  ~  version 21.04.3
9月-30 14:25:26.750 [main] INFO  nextflow.cli.CmdRun - Launching `blast.nf` [modest_chandrasekhar] - revision: 00fbac2b93
9月-30 14:25:26.852 [main] DEBUG nextflow.plugin.PluginsFacade - Setting up plugin manager > mode=prod; plugins-dir=/mnt/ilustre/users/dna/.nextflow/plugins
9月-30 14:25:26.854 [main] DEBUG nextflow.plugin.PluginsFacade - Plugins default=[]
9月-30 14:25:26.857 [main] DEBUG nextflow.plugin.PluginsFacade - Plugins local root: .nextflow/plr/empty
9月-30 14:25:26.867 [main] INFO  org.pf4j.DefaultPluginStatusProvider - Enabled plugins: []
9月-30 14:25:26.869 [main] INFO  org.pf4j.DefaultPluginStatusProvider - Disabled plugins: []
9月-30 14:25:26.873 [main] INFO  org.pf4j.DefaultPluginManager - PF4J version 3.4.1 in 'deployment' mode
9月-30 14:25:26.886 [main] INFO  org.pf4j.AbstractPluginManager - No plugins
9月-30 14:25:26.950 [main] DEBUG nextflow.Session - Session uuid: ea9410bf-9a65-469f-97a1-2cbd16291e65
9月-30 14:25:26.950 [main] DEBUG nextflow.Session - Run name: modest_chandrasekhar
9月-30 14:25:26.952 [main] DEBUG nextflow.Session - Executor pool size: 64
9月-30 14:25:27.000 [main] DEBUG nextflow.cli.CmdRun - 
  Version: 21.04.3 build 5560
  Created: 21-07-2021 15:09 UTC (23:09 CDT)
  System: Linux 4.18.0-240.22.1.el8_3.x86_64
  Runtime: Groovy 3.0.7 on Java HotSpot(TM) 64-Bit Server VM 11.0.11+9-LTS-194
  Encoding: UTF-8 (UTF-8)
  Process: 933009@compute-5-95 [10.2.4.236]
  CPUs: 64 - Mem: 125.2 GB (21.5 GB) - Swap: 4 GB (247 MB)
9月-30 14:25:27.034 [main] DEBUG nextflow.Session - Work-dir: /mnt/ilustre/users/dna/Pipeline/NextFlow/bio-nextflow/blast/work [lustre]
9月-30 14:25:27.035 [main] DEBUG nextflow.Session - Script base path does not exist or is not a directory: /mnt/ilustre/users/dna/Pipeline/NextFlow/bio-nextflow/blast/bin
9月-30 14:25:27.050 [main] DEBUG nextflow.executor.ExecutorFactory - Extension executors providers=[]
9月-30 14:25:27.065 [main] DEBUG nextflow.Session - Observer factory: DefaultObserverFactory
9月-30 14:25:27.243 [main] DEBUG nextflow.Session - Session start invoked
9月-30 14:25:28.175 [main] DEBUG nextflow.script.ScriptRunner - > Launching execution
9月-30 14:25:28.188 [main] DEBUG nextflow.Session - Workflow process names [dsl1]: NR
9月-30 14:25:28.344 [Actor Thread 1] DEBUG n.splitter.AbstractTextSplitter - Splitter `Fasta` collector path: nextflow.splitter.TextFileCollector$CachePath(/mnt/ilustre/users/dna/Pipeline/NextFlow/bio-nextflow/blast/work/37/c7f26218d0864296ea5fab5052f50e/ref.final.fa, null)
9月-30 14:25:28.441 [main] DEBUG nextflow.executor.ExecutorFactory - << taskConfig executor: slurm
9月-30 14:25:28.441 [main] DEBUG nextflow.executor.ExecutorFactory - >> processorType: 'slurm'
9月-30 14:25:28.455 [main] DEBUG nextflow.executor.Executor - [warm up] executor > slurm
9月-30 14:25:28.464 [main] DEBUG n.processor.TaskPollingMonitor - Creating task monitor for executor 'slurm' > capacity: 100; pollInterval: 5s; dumpInterval: 5m 
9月-30 14:25:28.470 [main] DEBUG n.executor.AbstractGridExecutor - Creating executor 'slurm' > queue-stat-interval: 1m
9月-30 14:25:28.569 [main] DEBUG nextflow.processor.TaskProcessor - Creating *combiner* operator for each param(s) at index(es): [0, 1]
9月-30 14:25:28.625 [main] DEBUG nextflow.script.ScriptRunner - > Await termination 
9月-30 14:25:28.625 [main] DEBUG nextflow.Session - Session await
9月-30 14:25:29.435 [Task submitter] DEBUG nextflow.executor.GridTaskHandler - [SLURM] submitted process NR (NR) > jobId: 403917; workDir: /mnt/ilustre/users/dna/Pipeline/NextFlow/bio-nextflow/blast/work/db/e4e800af73a1321f3fc7987ab6fad6
9月-30 14:25:29.441 [Task submitter] INFO  nextflow.Session - [db/e4e800] Submitted process > NR (NR)
9月-30 14:25:29.466 [Task submitter] DEBUG nextflow.executor.GridTaskHandler - [SLURM] submitted process NR (NR) > jobId: 403918; workDir: /mnt/ilustre/users/dna/Pipeline/NextFlow/bio-nextflow/blast/work/ad/8ebd671e0d99c362eec2ce73f03092
9月-30 14:25:29.466 [Task submitter] INFO  nextflow.Session - [ad/8ebd67] Submitted process > NR (NR)
9月-30 14:25:29.488 [Task submitter] DEBUG nextflow.executor.GridTaskHandler - [SLURM] submitted process NR (NR) > jobId: 403919; workDir: /mnt/ilustre/users/dna/Pipeline/NextFlow/bio-nextflow/blast/work/10/c8b2d31b1e9f7aa537ac63d9082fbb
9月-30 14:25:29.488 [Task submitter] INFO  nextflow.Session - [10/c8b2d3] Submitted process > NR (NR)
9月-30 14:25:29.509 [Task submitter] DEBUG nextflow.executor.GridTaskHandler - [SLURM] submitted process NR (NR) > jobId: 403920; workDir: /mnt/ilustre/users/dna/Pipeline/NextFlow/bio-nextflow/blast/work/b7/c024ce2c788b5d87a98063a35d16c4
9月-30 14:25:29.510 [Task submitter] INFO  nextflow.Session - [b7/c024ce] Submitted process > NR (NR)
9月-30 14:25:29.531 [Task submitter] DEBUG nextflow.executor.GridTaskHandler - [SLURM] submitted process NR (NR) > jobId: 403921; workDir: /mnt/ilustre/users/dna/Pipeline/NextFlow/bio-nextflow/blast/work/02/821a8337d3c8d31b3a052d2133a671
9月-30 14:25:29.532 [Task submitter] INFO  nextflow.Session - [02/821a83] Submitted process > NR (NR)
9月-30 14:25:29.553 [Task submitter] DEBUG nextflow.executor.GridTaskHandler - [SLURM] submitted process NR (NR) > jobId: 403922; workDir: /mnt/ilustre/users/dna/Pipeline/NextFlow/bio-nextflow/blast/work/46/02aa27042b148160db28948e24e29d
9月-30 14:25:29.554 [Task submitter] INFO  nextflow.Session - [46/02aa27] Submitted process > NR (NR)
9月-30 14:25:29.575 [Task submitter] DEBUG nextflow.executor.GridTaskHandler - [SLURM] submitted process NR (NR) > jobId: 403923; workDir: /mnt/ilustre/users/dna/Pipeline/NextFlow/bio-nextflow/blast/work/66/34b1ca2814c233779f80b7f0272361
9月-30 14:25:29.576 [Task submitter] INFO  nextflow.Session - [66/34b1ca] Submitted process > NR (NR)
9月-30 14:25:29.601 [Task submitter] DEBUG nextflow.executor.GridTaskHandler - [SLURM] submitted process NR (NR) > jobId: 403924; workDir: /mnt/ilustre/users/dna/Pipeline/NextFlow/bio-nextflow/blast/work/c9/9c1d128a707e7d3142104910d490f8
9月-30 14:25:29.601 [Task submitter] INFO  nextflow.Session - [c9/9c1d12] Submitted process > NR (NR)
9月-30 14:25:29.622 [Task submitter] DEBUG nextflow.executor.GridTaskHandler - [SLURM] submitted process NR (NR) > jobId: 403925; workDir: /mnt/ilustre/users/dna/Pipeline/NextFlow/bio-nextflow/blast/work/60/37550118420472d1c542033f36ea47
9月-30 14:25:29.622 [Task submitter] INFO  nextflow.Session - [60/375501] Submitted process > NR (NR)
9月-30 14:25:29.644 [Task submitter] DEBUG nextflow.executor.GridTaskHandler - [SLURM] submitted process NR (NR) > jobId: 403926; workDir: /mnt/ilustre/users/dna/Pipeline/NextFlow/bio-nextflow/blast/work/4c/b381d5bf6f6e16faa3681dfc31c176
9月-30 14:25:29.646 [Task submitter] INFO  nextflow.Session - [4c/b381d5] Submitted process > NR (NR)
9月-30 14:25:29.667 [Task submitter] DEBUG nextflow.executor.GridTaskHandler - [SLURM] submitted process NR (NR) > jobId: 403927; workDir: /mnt/ilustre/users/dna/Pipeline/NextFlow/bio-nextflow/blast/work/47/99d5861bd48c25e94699fbd37b18d5
9月-30 14:25:29.667 [Task submitter] INFO  nextflow.Session - [47/99d586] Submitted process > NR (NR)
9月-30 14:25:29.689 [Task submitter] DEBUG nextflow.executor.GridTaskHandler - [SLURM] submitted process NR (NR) > jobId: 403928; workDir: /mnt/ilustre/users/dna/Pipeline/NextFlow/bio-nextflow/blast/work/05/e1877d0a8491e4036441933c00ceaa
9月-30 14:25:29.690 [Task submitter] INFO  nextflow.Session - [05/e1877d] Submitted process > NR (NR)
9月-30 14:25:29.712 [Task submitter] DEBUG nextflow.executor.GridTaskHandler - [SLURM] submitted process NR (NR) > jobId: 403929; workDir: /mnt/ilustre/users/dna/Pipeline/NextFlow/bio-nextflow/blast/work/b2/29282d90673fa85281159b4fbeac63
9月-30 14:25:29.713 [Task submitter] INFO  nextflow.Session - [b2/29282d] Submitted process > NR (NR)
9月-30 14:25:29.733 [Task submitter] DEBUG nextflow.executor.GridTaskHandler - [SLURM] submitted process NR (NR) > jobId: 403930; workDir: /mnt/ilustre/users/dna/Pipeline/NextFlow/bio-nextflow/blast/work/7c/58f19e32f17c57c8b5b11b2ad183d2
9月-30 14:25:29.733 [Task submitter] INFO  nextflow.Session - [7c/58f19e] Submitted process > NR (NR)
9月-30 14:25:29.754 [Task submitter] DEBUG nextflow.executor.GridTaskHandler - [SLURM] submitted process NR (NR) > jobId: 403931; workDir: /mnt/ilustre/users/dna/Pipeline/NextFlow/bio-nextflow/blast/work/24/7bf02c79939166110fc347ebfd7659
9月-30 14:25:29.754 [Task submitter] INFO  nextflow.Session - [24/7bf02c] Submitted process > NR (NR)
9月-30 14:25:29.781 [Task submitter] DEBUG nextflow.executor.GridTaskHandler - [SLURM] submitted process NR (NR) > jobId: 403932; workDir: /mnt/ilustre/users/dna/Pipeline/NextFlow/bio-nextflow/blast/work/fe/d76a28b7ba67687bc3b0ec6d834237
9月-30 14:25:29.782 [Task submitter] INFO  nextflow.Session - [fe/d76a28] Submitted process > NR (NR)
9月-30 14:25:29.804 [Task submitter] DEBUG nextflow.executor.GridTaskHandler - [SLURM] submitted process NR (NR) > jobId: 403933; workDir: /mnt/ilustre/users/dna/Pipeline/NextFlow/bio-nextflow/blast/work/4f/59b61f4937651412b46bb669f374bd
9月-30 14:25:29.805 [Task submitter] INFO  nextflow.Session - [4f/59b61f] Submitted process > NR (NR)
9月-30 14:25:29.825 [Task submitter] DEBUG nextflow.executor.GridTaskHandler - [SLURM] submitted process NR (NR) > jobId: 403934; workDir: /mnt/ilustre/users/dna/Pipeline/NextFlow/bio-nextflow/blast/work/5c/fab883eda929eb90b77052fe86d1e4
9月-30 14:25:29.826 [Task submitter] INFO  nextflow.Session - [5c/fab883] Submitted process > NR (NR)
9月-30 14:25:29.845 [Task submitter] DEBUG nextflow.executor.GridTaskHandler - [SLURM] submitted process NR (NR) > jobId: 403935; workDir: /mnt/ilustre/users/dna/Pipeline/NextFlow/bio-nextflow/blast/work/78/36e9c1b8a78a99cecacf8774615d78
9月-30 14:25:29.846 [Task submitter] INFO  nextflow.Session - [78/36e9c1] Submitted process > NR (NR)
9月-30 14:25:29.867 [Task submitter] DEBUG nextflow.executor.GridTaskHandler - [SLURM] submitted process NR (NR) > jobId: 403936; workDir: /mnt/ilustre/users/dna/Pipeline/NextFlow/bio-nextflow/blast/work/71/b3669b763d97c478a0ac79d10eedcd
9月-30 14:25:29.867 [Task submitter] INFO  nextflow.Session - [71/b3669b] Submitted process > NR (NR)
9月-30 14:25:29.887 [Task submitter] DEBUG nextflow.executor.GridTaskHandler - [SLURM] submitted process NR (NR) > jobId: 403937; workDir: /mnt/ilustre/users/dna/Pipeline/NextFlow/bio-nextflow/blast/work/f7/82d2553950fe021c84946cff5c1bea
9月-30 14:25:29.888 [Task submitter] INFO  nextflow.Session - [f7/82d255] Submitted process > NR (NR)
9月-30 14:25:29.909 [Task submitter] DEBUG nextflow.executor.GridTaskHandler - [SLURM] submitted process NR (NR) > jobId: 403938; workDir: /mnt/ilustre/users/dna/Pipeline/NextFlow/bio-nextflow/blast/work/17/950087654c90ac50953a8b1175d883
9月-30 14:25:29.910 [Task submitter] INFO  nextflow.Session - [17/950087] Submitted process > NR (NR)
9月-30 14:25:29.932 [Task submitter] DEBUG nextflow.executor.GridTaskHandler - [SLURM] submitted process NR (NR) > jobId: 403939; workDir: /mnt/ilustre/users/dna/Pipeline/NextFlow/bio-nextflow/blast/work/d2/e3fb6cbb24f6db912c081352a211df
9月-30 14:25:29.933 [Task submitter] INFO  nextflow.Session - [d2/e3fb6c] Submitted process > NR (NR)
9月-30 14:25:29.956 [Task submitter] DEBUG nextflow.executor.GridTaskHandler - [SLURM] submitted process NR (NR) > jobId: 403940; workDir: /mnt/ilustre/users/dna/Pipeline/NextFlow/bio-nextflow/blast/work/eb/a1c1e06f70cb7a21370a65ac904b50
9月-30 14:25:29.956 [Task submitter] INFO  nextflow.Session - [eb/a1c1e0] Submitted process > NR (NR)
9月-30 14:25:29.977 [Task submitter] DEBUG nextflow.executor.GridTaskHandler - [SLURM] submitted process NR (NR) > jobId: 403941; workDir: /mnt/ilustre/users/dna/Pipeline/NextFlow/bio-nextflow/blast/work/19/90be30405fd288b6855cae6b95a4c7
9月-30 14:25:29.978 [Task submitter] INFO  nextflow.Session - [19/90be30] Submitted process > NR (NR)
9月-30 14:25:29.998 [Task submitter] DEBUG nextflow.executor.GridTaskHandler - [SLURM] submitted process NR (NR) > jobId: 403942; workDir: /mnt/ilustre/users/dna/Pipeline/NextFlow/bio-nextflow/blast/work/d1/80bde46b9f179e77888a757a029140
9月-30 14:25:29.999 [Task submitter] INFO  nextflow.Session - [d1/80bde4] Submitted process > NR (NR)
9月-30 14:25:30.020 [Task submitter] DEBUG nextflow.executor.GridTaskHandler - [SLURM] submitted process NR (NR) > jobId: 403943; workDir: /mnt/ilustre/users/dna/Pipeline/NextFlow/bio-nextflow/blast/work/25/86092379e08ffebcd24eefc8cc9f28
9月-30 14:25:30.020 [Task submitter] INFO  nextflow.Session - [25/860923] Submitted process > NR (NR)
9月-30 14:25:30.041 [Task submitter] DEBUG nextflow.executor.GridTaskHandler - [SLURM] submitted process NR (NR) > jobId: 403944; workDir: /mnt/ilustre/users/dna/Pipeline/NextFlow/bio-nextflow/blast/work/90/a8e3071e33ccafdbd8a0ad57156cc5
9月-30 14:25:30.042 [Task submitter] INFO  nextflow.Session - [90/a8e307] Submitted process > NR (NR)
9月-30 14:25:30.065 [Task submitter] DEBUG nextflow.executor.GridTaskHandler - [SLURM] submitted process NR (NR) > jobId: 403945; workDir: /mnt/ilustre/users/dna/Pipeline/NextFlow/bio-nextflow/blast/work/e1/3c20e65724909d4d09153806e8e7f7
9月-30 14:25:30.066 [Task submitter] INFO  nextflow.Session - [e1/3c20e6] Submitted process > NR (NR)
9月-30 14:25:30.086 [Task submitter] DEBUG nextflow.executor.GridTaskHandler - [SLURM] submitted process NR (NR) > jobId: 403946; workDir: /mnt/ilustre/users/dna/Pipeline/NextFlow/bio-nextflow/blast/work/67/872d719e15395c94385b8f32efa96a
9月-30 14:25:30.087 [Task submitter] INFO  nextflow.Session - [67/872d71] Submitted process > NR (NR)
9月-30 14:25:30.108 [Task submitter] DEBUG nextflow.executor.GridTaskHandler - [SLURM] submitted process NR (NR) > jobId: 403947; workDir: /mnt/ilustre/users/dna/Pipeline/NextFlow/bio-nextflow/blast/work/44/ce3f84039369584a26ffe1b660c6d1
9月-30 14:25:30.108 [Task submitter] INFO  nextflow.Session - [44/ce3f84] Submitted process > NR (NR)
9月-30 14:25:30.129 [Task submitter] DEBUG nextflow.executor.GridTaskHandler - [SLURM] submitted process NR (NR) > jobId: 403948; workDir: /mnt/ilustre/users/dna/Pipeline/NextFlow/bio-nextflow/blast/work/2b/7c3f6961ddd4d506c083ba244dd53d
9月-30 14:25:30.130 [Task submitter] INFO  nextflow.Session - [2b/7c3f69] Submitted process > NR (NR)
9月-30 14:25:30.148 [Task submitter] DEBUG nextflow.executor.GridTaskHandler - [SLURM] submitted process NR (NR) > jobId: 403949; workDir: /mnt/ilustre/users/dna/Pipeline/NextFlow/bio-nextflow/blast/work/44/ef8f26f1412b6aa7dd7741b4f1d595
9月-30 14:25:30.148 [Task submitter] INFO  nextflow.Session - [44/ef8f26] Submitted process > NR (NR)
9月-30 14:25:30.168 [Task submitter] DEBUG nextflow.executor.GridTaskHandler - [SLURM] submitted process NR (NR) > jobId: 403950; workDir: /mnt/ilustre/users/dna/Pipeline/NextFlow/bio-nextflow/blast/work/f6/aaaa1f64613c158f89919fe14d074e
9月-30 14:25:30.169 [Task submitter] INFO  nextflow.Session - [f6/aaaa1f] Submitted process > NR (NR)
9月-30 14:25:30.189 [Task submitter] DEBUG nextflow.executor.GridTaskHandler - [SLURM] submitted process NR (NR) > jobId: 403951; workDir: /mnt/ilustre/users/dna/Pipeline/NextFlow/bio-nextflow/blast/work/13/24f8bfba8ea7dd649ff30e7ef522ce
9月-30 14:25:30.189 [Task submitter] INFO  nextflow.Session - [13/24f8bf] Submitted process > NR (NR)
9月-30 14:25:30.211 [Task submitter] DEBUG nextflow.executor.GridTaskHandler - [SLURM] submitted process NR (NR) > jobId: 403952; workDir: /mnt/ilustre/users/dna/Pipeline/NextFlow/bio-nextflow/blast/work/38/4a42ee20c1448d1e10009b4e0258d5
9月-30 14:25:30.212 [Task submitter] INFO  nextflow.Session - [38/4a42ee] Submitted process > NR (NR)
9月-30 14:25:30.231 [Task submitter] DEBUG nextflow.executor.GridTaskHandler - [SLURM] submitted process NR (NR) > jobId: 403953; workDir: /mnt/ilustre/users/dna/Pipeline/NextFlow/bio-nextflow/blast/work/64/46911a85a25875dd1d2e0d5363ab60
9月-30 14:25:30.231 [Task submitter] INFO  nextflow.Session - [64/46911a] Submitted process > NR (NR)
9月-30 14:25:30.252 [Task submitter] DEBUG nextflow.executor.GridTaskHandler - [SLURM] submitted process NR (NR) > jobId: 403954; workDir: /mnt/ilustre/users/dna/Pipeline/NextFlow/bio-nextflow/blast/work/20/6a46225e261a096f8e71a3623612e6
9月-30 14:25:30.253 [Task submitter] INFO  nextflow.Session - [20/6a4622] Submitted process > NR (NR)
9月-30 14:25:30.285 [Task submitter] DEBUG nextflow.executor.GridTaskHandler - [SLURM] submitted process NR (NR) > jobId: 403955; workDir: /mnt/ilustre/users/dna/Pipeline/NextFlow/bio-nextflow/blast/work/05/5ee96d83aeff1a23647d6b4f1d8124
9月-30 14:25:30.286 [Task submitter] INFO  nextflow.Session - [05/5ee96d] Submitted process > NR (NR)
9月-30 14:25:30.304 [Task submitter] DEBUG nextflow.executor.GridTaskHandler - [SLURM] submitted process NR (NR) > jobId: 403956; workDir: /mnt/ilustre/users/dna/Pipeline/NextFlow/bio-nextflow/blast/work/b6/b7bf709635c6a2a7beeae82f5dfdae
9月-30 14:25:30.304 [Task submitter] INFO  nextflow.Session - [b6/b7bf70] Submitted process > NR (NR)
9月-30 14:25:30.322 [Task submitter] DEBUG nextflow.executor.GridTaskHandler - [SLURM] submitted process NR (NR) > jobId: 403957; workDir: /mnt/ilustre/users/dna/Pipeline/NextFlow/bio-nextflow/blast/work/45/4adfc578dcaa55ecc4fee742d66f05
9月-30 14:25:30.322 [Task submitter] INFO  nextflow.Session - [45/4adfc5] Submitted process > NR (NR)
9月-30 14:25:30.340 [Task submitter] DEBUG nextflow.executor.GridTaskHandler - [SLURM] submitted process NR (NR) > jobId: 403958; workDir: /mnt/ilustre/users/dna/Pipeline/NextFlow/bio-nextflow/blast/work/ca/773e9a3f253c0101374a81331fc888
9月-30 14:25:30.340 [Task submitter] INFO  nextflow.Session - [ca/773e9a] Submitted process > NR (NR)
9月-30 14:25:30.358 [Task submitter] DEBUG nextflow.executor.GridTaskHandler - [SLURM] submitted process NR (NR) > jobId: 403959; workDir: /mnt/ilustre/users/dna/Pipeline/NextFlow/bio-nextflow/blast/work/ef/28b65cb0c972cdd33f688f2f240632
9月-30 14:25:30.359 [Task submitter] INFO  nextflow.Session - [ef/28b65c] Submitted process > NR (NR)
9月-30 14:25:30.376 [Task submitter] DEBUG nextflow.executor.GridTaskHandler - [SLURM] submitted process NR (NR) > jobId: 403960; workDir: /mnt/ilustre/users/dna/Pipeline/NextFlow/bio-nextflow/blast/work/f0/a1b0753d04014c49b1c56431ac8705
9月-30 14:25:30.376 [Task submitter] INFO  nextflow.Session - [f0/a1b075] Submitted process > NR (NR)
9月-30 14:25:30.394 [Task submitter] DEBUG nextflow.executor.GridTaskHandler - [SLURM] submitted process NR (NR) > jobId: 403961; workDir: /mnt/ilustre/users/dna/Pipeline/NextFlow/bio-nextflow/blast/work/fe/a4a68c9e846f598d05aee83f9dc470
9月-30 14:25:30.394 [Task submitter] INFO  nextflow.Session - [fe/a4a68c] Submitted process > NR (NR)
9月-30 14:25:30.413 [Task submitter] DEBUG nextflow.executor.GridTaskHandler - [SLURM] submitted process NR (NR) > jobId: 403962; workDir: /mnt/ilustre/users/dna/Pipeline/NextFlow/bio-nextflow/blast/work/85/4c77833812323d20f6558a195982e8
9月-30 14:25:30.414 [Task submitter] INFO  nextflow.Session - [85/4c7783] Submitted process > NR (NR)
9月-30 14:25:30.432 [Task submitter] DEBUG nextflow.executor.GridTaskHandler - [SLURM] submitted process NR (NR) > jobId: 403963; workDir: /mnt/ilustre/users/dna/Pipeline/NextFlow/bio-nextflow/blast/work/be/499c959a401fe9c955e80abbfd48ef
9月-30 14:25:30.433 [Task submitter] INFO  nextflow.Session - [be/499c95] Submitted process > NR (NR)
9月-30 14:25:30.451 [Task submitter] DEBUG nextflow.executor.GridTaskHandler - [SLURM] submitted process NR (NR) > jobId: 403964; workDir: /mnt/ilustre/users/dna/Pipeline/NextFlow/bio-nextflow/blast/work/c0/c5c5c4a6fa0a0d9d4d39540909b284
9月-30 14:25:30.451 [Task submitter] INFO  nextflow.Session - [c0/c5c5c4] Submitted process > NR (NR)
9月-30 14:25:30.470 [Task submitter] DEBUG nextflow.executor.GridTaskHandler - [SLURM] submitted process NR (NR) > jobId: 403965; workDir: /mnt/ilustre/users/dna/Pipeline/NextFlow/bio-nextflow/blast/work/f6/0f6da28f7e71cf9bfcec030b7c5421
9月-30 14:25:30.471 [Task submitter] INFO  nextflow.Session - [f6/0f6da2] Submitted process > NR (NR)
9月-30 14:25:30.490 [Task submitter] DEBUG nextflow.executor.GridTaskHandler - [SLURM] submitted process NR (NR) > jobId: 403966; workDir: /mnt/ilustre/users/dna/Pipeline/NextFlow/bio-nextflow/blast/work/52/17b497bfe82ba511c60c891f8308f4
9月-30 14:25:30.490 [Task submitter] INFO  nextflow.Session - [52/17b497] Submitted process > NR (NR)
9月-30 14:25:30.509 [Task submitter] DEBUG nextflow.executor.GridTaskHandler - [SLURM] submitted process NR (NR) > jobId: 403967; workDir: /mnt/ilustre/users/dna/Pipeline/NextFlow/bio-nextflow/blast/work/84/96f12e6270edc1adf192a4a2cd57b6
9月-30 14:25:30.509 [Task submitter] INFO  nextflow.Session - [84/96f12e] Submitted process > NR (NR)
9月-30 14:25:30.528 [Task submitter] DEBUG nextflow.executor.GridTaskHandler - [SLURM] submitted process NR (NR) > jobId: 403968; workDir: /mnt/ilustre/users/dna/Pipeline/NextFlow/bio-nextflow/blast/work/a9/9f44916114d4c88c8ac5936a28f502
9月-30 14:25:30.529 [Task submitter] INFO  nextflow.Session - [a9/9f4491] Submitted process > NR (NR)
9月-30 14:25:30.548 [Task submitter] DEBUG nextflow.executor.GridTaskHandler - [SLURM] submitted process NR (NR) > jobId: 403969; workDir: /mnt/ilustre/users/dna/Pipeline/NextFlow/bio-nextflow/blast/work/28/a7090b9b0816861cc404089d77031f
9月-30 14:25:30.548 [Task submitter] INFO  nextflow.Session - [28/a7090b] Submitted process > NR (NR)
9月-30 14:25:30.568 [Task submitter] DEBUG nextflow.executor.GridTaskHandler - [SLURM] submitted process NR (NR) > jobId: 403970; workDir: /mnt/ilustre/users/dna/Pipeline/NextFlow/bio-nextflow/blast/work/39/1f8531eef5b3c0cd53f82503023e16
9月-30 14:25:30.568 [Task submitter] INFO  nextflow.Session - [39/1f8531] Submitted process > NR (NR)
9月-30 14:25:30.586 [Task submitter] DEBUG nextflow.executor.GridTaskHandler - [SLURM] submitted process NR (NR) > jobId: 403971; workDir: /mnt/ilustre/users/dna/Pipeline/NextFlow/bio-nextflow/blast/work/f2/2b707346be98c8ca7735098bdfeeab
9月-30 14:25:30.587 [Task submitter] INFO  nextflow.Session - [f2/2b7073] Submitted process > NR (NR)
9月-30 14:25:30.606 [Task submitter] DEBUG nextflow.executor.GridTaskHandler - [SLURM] submitted process NR (NR) > jobId: 403972; workDir: /mnt/ilustre/users/dna/Pipeline/NextFlow/bio-nextflow/blast/work/98/6b0c8905a500ae824379070c894399
9月-30 14:25:30.606 [Task submitter] INFO  nextflow.Session - [98/6b0c89] Submitted process > NR (NR)
9月-30 14:25:30.624 [Task submitter] DEBUG nextflow.executor.GridTaskHandler - [SLURM] submitted process NR (NR) > jobId: 403973; workDir: /mnt/ilustre/users/dna/Pipeline/NextFlow/bio-nextflow/blast/work/78/c4a6a0bf5fef8be4eed34f1169c93d
9月-30 14:25:30.624 [Task submitter] INFO  nextflow.Session - [78/c4a6a0] Submitted process > NR (NR)
9月-30 14:25:30.640 [Task submitter] DEBUG nextflow.executor.GridTaskHandler - [SLURM] submitted process NR (NR) > jobId: 403974; workDir: /mnt/ilustre/users/dna/Pipeline/NextFlow/bio-nextflow/blast/work/fe/5352d7d7222a645cecb5f53d6ade71
9月-30 14:25:30.641 [Task submitter] INFO  nextflow.Session - [fe/5352d7] Submitted process > NR (NR)
9月-30 14:25:30.657 [Task submitter] DEBUG nextflow.executor.GridTaskHandler - [SLURM] submitted process NR (NR) > jobId: 403975; workDir: /mnt/ilustre/users/dna/Pipeline/NextFlow/bio-nextflow/blast/work/20/38f45335e150839e90c1624e74b253
9月-30 14:25:30.657 [Task submitter] INFO  nextflow.Session - [20/38f453] Submitted process > NR (NR)
9月-30 14:25:30.673 [Task submitter] DEBUG nextflow.executor.GridTaskHandler - [SLURM] submitted process NR (NR) > jobId: 403976; workDir: /mnt/ilustre/users/dna/Pipeline/NextFlow/bio-nextflow/blast/work/32/e6612722927290fcb31c0b1b9d825e
9月-30 14:25:30.674 [Task submitter] INFO  nextflow.Session - [32/e66127] Submitted process > NR (NR)
9月-30 14:25:30.691 [Task submitter] DEBUG nextflow.executor.GridTaskHandler - [SLURM] submitted process NR (NR) > jobId: 403977; workDir: /mnt/ilustre/users/dna/Pipeline/NextFlow/bio-nextflow/blast/work/ca/fac8afe2ecf22ef736afc0ff4b14b2
9月-30 14:25:30.691 [Task submitter] INFO  nextflow.Session - [ca/fac8af] Submitted process > NR (NR)
9月-30 14:25:30.708 [Task submitter] DEBUG nextflow.executor.GridTaskHandler - [SLURM] submitted process NR (NR) > jobId: 403978; workDir: /mnt/ilustre/users/dna/Pipeline/NextFlow/bio-nextflow/blast/work/15/06ffe54633c48748428f2638877504
9月-30 14:25:30.709 [Task submitter] INFO  nextflow.Session - [15/06ffe5] Submitted process > NR (NR)
9月-30 14:25:30.726 [Task submitter] DEBUG nextflow.executor.GridTaskHandler - [SLURM] submitted process NR (NR) > jobId: 403979; workDir: /mnt/ilustre/users/dna/Pipeline/NextFlow/bio-nextflow/blast/work/6a/ec6b5abaa70ee6e032aff1bb8180e8
9月-30 14:25:30.726 [Task submitter] INFO  nextflow.Session - [6a/ec6b5a] Submitted process > NR (NR)
9月-30 14:25:30.742 [Task submitter] DEBUG nextflow.executor.GridTaskHandler - [SLURM] submitted process NR (NR) > jobId: 403980; workDir: /mnt/ilustre/users/dna/Pipeline/NextFlow/bio-nextflow/blast/work/6a/1451a24ed3ec9b1d239ddeb41d96ce
9月-30 14:25:30.742 [Task submitter] INFO  nextflow.Session - [6a/1451a2] Submitted process > NR (NR)
9月-30 14:25:30.758 [Task submitter] DEBUG nextflow.executor.GridTaskHandler - [SLURM] submitted process NR (NR) > jobId: 403981; workDir: /mnt/ilustre/users/dna/Pipeline/NextFlow/bio-nextflow/blast/work/bd/642ba7ece2d6893dd8870173f14302
9月-30 14:25:30.759 [Task submitter] INFO  nextflow.Session - [bd/642ba7] Submitted process > NR (NR)
9月-30 14:25:30.775 [Task submitter] DEBUG nextflow.executor.GridTaskHandler - [SLURM] submitted process NR (NR) > jobId: 403982; workDir: /mnt/ilustre/users/dna/Pipeline/NextFlow/bio-nextflow/blast/work/26/977210d546d9970873197282ae78a9
9月-30 14:25:30.775 [Task submitter] INFO  nextflow.Session - [26/977210] Submitted process > NR (NR)
9月-30 14:25:30.791 [Task submitter] DEBUG nextflow.executor.GridTaskHandler - [SLURM] submitted process NR (NR) > jobId: 403983; workDir: /mnt/ilustre/users/dna/Pipeline/NextFlow/bio-nextflow/blast/work/2d/8f23f2a2629a52d5e1f1866bca15d6
9月-30 14:25:30.791 [Task submitter] INFO  nextflow.Session - [2d/8f23f2] Submitted process > NR (NR)
9月-30 14:25:30.807 [Task submitter] DEBUG nextflow.executor.GridTaskHandler - [SLURM] submitted process NR (NR) > jobId: 403984; workDir: /mnt/ilustre/users/dna/Pipeline/NextFlow/bio-nextflow/blast/work/50/775dc1286084964507e7bd25c153da
9月-30 14:25:30.808 [Task submitter] INFO  nextflow.Session - [50/775dc1] Submitted process > NR (NR)
9月-30 14:25:30.824 [Task submitter] DEBUG nextflow.executor.GridTaskHandler - [SLURM] submitted process NR (NR) > jobId: 403985; workDir: /mnt/ilustre/users/dna/Pipeline/NextFlow/bio-nextflow/blast/work/e3/4bf1f9b2d0da66704f3fa3962d9799
9月-30 14:25:30.824 [Task submitter] INFO  nextflow.Session - [e3/4bf1f9] Submitted process > NR (NR)
9月-30 14:25:30.840 [Task submitter] DEBUG nextflow.executor.GridTaskHandler - [SLURM] submitted process NR (NR) > jobId: 403986; workDir: /mnt/ilustre/users/dna/Pipeline/NextFlow/bio-nextflow/blast/work/bc/d881a5c52c56f1c53d72ae5e79baee
9月-30 14:25:30.840 [Task submitter] INFO  nextflow.Session - [bc/d881a5] Submitted process > NR (NR)
9月-30 14:25:30.855 [Task submitter] DEBUG nextflow.executor.GridTaskHandler - [SLURM] submitted process NR (NR) > jobId: 403987; workDir: /mnt/ilustre/users/dna/Pipeline/NextFlow/bio-nextflow/blast/work/a5/67636ce28de73cf28e05e0cfc65371
9月-30 14:25:30.856 [Task submitter] INFO  nextflow.Session - [a5/67636c] Submitted process > NR (NR)
9月-30 14:25:30.871 [Task submitter] DEBUG nextflow.executor.GridTaskHandler - [SLURM] submitted process NR (NR) > jobId: 403988; workDir: /mnt/ilustre/users/dna/Pipeline/NextFlow/bio-nextflow/blast/work/a0/4c812594d9ed866246a16d189a061f
9月-30 14:25:30.871 [Task submitter] INFO  nextflow.Session - [a0/4c8125] Submitted process > NR (NR)
9月-30 14:25:30.887 [Task submitter] DEBUG nextflow.executor.GridTaskHandler - [SLURM] submitted process NR (NR) > jobId: 403989; workDir: /mnt/ilustre/users/dna/Pipeline/NextFlow/bio-nextflow/blast/work/28/2ff7aa131bfc40aff1f5530c3c36db
9月-30 14:25:30.887 [Task submitter] INFO  nextflow.Session - [28/2ff7aa] Submitted process > NR (NR)
9月-30 14:25:30.903 [Task submitter] DEBUG nextflow.executor.GridTaskHandler - [SLURM] submitted process NR (NR) > jobId: 403990; workDir: /mnt/ilustre/users/dna/Pipeline/NextFlow/bio-nextflow/blast/work/00/702f160780f6357eaf19b8ddd76a06
9月-30 14:25:30.903 [Task submitter] INFO  nextflow.Session - [00/702f16] Submitted process > NR (NR)
9月-30 14:25:30.918 [Task submitter] DEBUG nextflow.executor.GridTaskHandler - [SLURM] submitted process NR (NR) > jobId: 403991; workDir: /mnt/ilustre/users/dna/Pipeline/NextFlow/bio-nextflow/blast/work/4a/dfb9e3657aafedc7f8bcf3c09e46a0
9月-30 14:25:30.919 [Task submitter] INFO  nextflow.Session - [4a/dfb9e3] Submitted process > NR (NR)
9月-30 14:25:30.935 [Task submitter] DEBUG nextflow.executor.GridTaskHandler - [SLURM] submitted process NR (NR) > jobId: 403992; workDir: /mnt/ilustre/users/dna/Pipeline/NextFlow/bio-nextflow/blast/work/cd/8d640e1893b72873eb6200f7e9fa67
9月-30 14:25:30.936 [Task submitter] INFO  nextflow.Session - [cd/8d640e] Submitted process > NR (NR)
9月-30 14:25:30.952 [Task submitter] DEBUG nextflow.executor.GridTaskHandler - [SLURM] submitted process NR (NR) > jobId: 403993; workDir: /mnt/ilustre/users/dna/Pipeline/NextFlow/bio-nextflow/blast/work/c1/9ed763ba0644ce245e6a1158985fa9
9月-30 14:25:30.952 [Task submitter] INFO  nextflow.Session - [c1/9ed763] Submitted process > NR (NR)
9月-30 14:25:30.968 [Task submitter] DEBUG nextflow.executor.GridTaskHandler - [SLURM] submitted process NR (NR) > jobId: 403994; workDir: /mnt/ilustre/users/dna/Pipeline/NextFlow/bio-nextflow/blast/work/1b/8b51ec3c10451f46ef1cd3a14e3db0
9月-30 14:25:30.968 [Task submitter] INFO  nextflow.Session - [1b/8b51ec] Submitted process > NR (NR)
9月-30 14:25:30.984 [Task submitter] DEBUG nextflow.executor.GridTaskHandler - [SLURM] submitted process NR (NR) > jobId: 403995; workDir: /mnt/ilustre/users/dna/Pipeline/NextFlow/bio-nextflow/blast/work/6d/a1a5c48cc283b103f840209645b21d
9月-30 14:25:30.985 [Task submitter] INFO  nextflow.Session - [6d/a1a5c4] Submitted process > NR (NR)
9月-30 14:25:31.000 [Task submitter] DEBUG nextflow.executor.GridTaskHandler - [SLURM] submitted process NR (NR) > jobId: 403996; workDir: /mnt/ilustre/users/dna/Pipeline/NextFlow/bio-nextflow/blast/work/53/41f4c28f990feb86316b77d627e60e
9月-30 14:25:31.001 [Task submitter] INFO  nextflow.Session - [53/41f4c2] Submitted process > NR (NR)
9月-30 14:25:31.016 [Task submitter] DEBUG nextflow.executor.GridTaskHandler - [SLURM] submitted process NR (NR) > jobId: 403997; workDir: /mnt/ilustre/users/dna/Pipeline/NextFlow/bio-nextflow/blast/work/9c/2d313d54abe2b3a6080cf4a2d71b02
9月-30 14:25:31.017 [Task submitter] INFO  nextflow.Session - [9c/2d313d] Submitted process > NR (NR)
9月-30 14:25:31.033 [Task submitter] DEBUG nextflow.executor.GridTaskHandler - [SLURM] submitted process NR (NR) > jobId: 403998; workDir: /mnt/ilustre/users/dna/Pipeline/NextFlow/bio-nextflow/blast/work/f4/51cb4bccb8ea0c964e0271e20bf446
9月-30 14:25:31.033 [Task submitter] INFO  nextflow.Session - [f4/51cb4b] Submitted process > NR (NR)
9月-30 14:25:31.048 [Task submitter] DEBUG nextflow.executor.GridTaskHandler - [SLURM] submitted process NR (NR) > jobId: 403999; workDir: /mnt/ilustre/users/dna/Pipeline/NextFlow/bio-nextflow/blast/work/d3/63b8801b9fb813b3e0998caf47fee5
9月-30 14:25:31.048 [Task submitter] INFO  nextflow.Session - [d3/63b880] Submitted process > NR (NR)
9月-30 14:25:31.065 [Task submitter] DEBUG nextflow.executor.GridTaskHandler - [SLURM] submitted process NR (NR) > jobId: 404000; workDir: /mnt/ilustre/users/dna/Pipeline/NextFlow/bio-nextflow/blast/work/cc/cc9e8d61777af06e0c72fc24a74bb5
9月-30 14:25:31.065 [Task submitter] INFO  nextflow.Session - [cc/cc9e8d] Submitted process > NR (NR)
9月-30 14:25:31.081 [Task submitter] DEBUG nextflow.executor.GridTaskHandler - [SLURM] submitted process NR (NR) > jobId: 404001; workDir: /mnt/ilustre/users/dna/Pipeline/NextFlow/bio-nextflow/blast/work/dd/b2209a68b3d89e61d17e0ea9253078
9月-30 14:25:31.081 [Task submitter] INFO  nextflow.Session - [dd/b2209a] Submitted process > NR (NR)
9月-30 14:25:31.096 [Task submitter] DEBUG nextflow.executor.GridTaskHandler - [SLURM] submitted process NR (NR) > jobId: 404002; workDir: /mnt/ilustre/users/dna/Pipeline/NextFlow/bio-nextflow/blast/work/2e/6e25f2f019b931759b500ff84733ea
9月-30 14:25:31.097 [Task submitter] INFO  nextflow.Session - [2e/6e25f2] Submitted process > NR (NR)
9月-30 14:25:31.112 [Task submitter] DEBUG nextflow.executor.GridTaskHandler - [SLURM] submitted process NR (NR) > jobId: 404003; workDir: /mnt/ilustre/users/dna/Pipeline/NextFlow/bio-nextflow/blast/work/5b/fb73e9d064eaae272afe01a9d752cb
9月-30 14:25:31.112 [Task submitter] INFO  nextflow.Session - [5b/fb73e9] Submitted process > NR (NR)
9月-30 14:25:31.127 [Task submitter] DEBUG nextflow.executor.GridTaskHandler - [SLURM] submitted process NR (NR) > jobId: 404004; workDir: /mnt/ilustre/users/dna/Pipeline/NextFlow/bio-nextflow/blast/work/08/97df1ba35960e566aff634d809c142
9月-30 14:25:31.127 [Task submitter] INFO  nextflow.Session - [08/97df1b] Submitted process > NR (NR)
9月-30 14:25:31.141 [Task submitter] DEBUG nextflow.executor.GridTaskHandler - [SLURM] submitted process NR (NR) > jobId: 404005; workDir: /mnt/ilustre/users/dna/Pipeline/NextFlow/bio-nextflow/blast/work/26/803bd33f143b964ce6e7f8945f4210
9月-30 14:25:31.142 [Task submitter] INFO  nextflow.Session - [26/803bd3] Submitted process > NR (NR)
9月-30 14:25:31.158 [Task submitter] DEBUG nextflow.executor.GridTaskHandler - [SLURM] submitted process NR (NR) > jobId: 404006; workDir: /mnt/ilustre/users/dna/Pipeline/NextFlow/bio-nextflow/blast/work/2a/a54846525eaa0b875589d0087991b6
9月-30 14:25:31.158 [Task submitter] INFO  nextflow.Session - [2a/a54846] Submitted process > NR (NR)
9月-30 14:25:31.173 [Task submitter] DEBUG nextflow.executor.GridTaskHandler - [SLURM] submitted process NR (NR) > jobId: 404007; workDir: /mnt/ilustre/users/dna/Pipeline/NextFlow/bio-nextflow/blast/work/1c/5964a5deaddddda83bb2605b9e157e
9月-30 14:25:31.173 [Task submitter] INFO  nextflow.Session - [1c/5964a5] Submitted process > NR (NR)
9月-30 14:25:31.189 [Task submitter] DEBUG nextflow.executor.GridTaskHandler - [SLURM] submitted process NR (NR) > jobId: 404008; workDir: /mnt/ilustre/users/dna/Pipeline/NextFlow/bio-nextflow/blast/work/c2/d9698b9e9a0a59c23d7b17136f4681
9月-30 14:25:31.190 [Task submitter] INFO  nextflow.Session - [c2/d9698b] Submitted process > NR (NR)
9月-30 14:25:31.204 [Task submitter] DEBUG nextflow.executor.GridTaskHandler - [SLURM] submitted process NR (NR) > jobId: 404009; workDir: /mnt/ilustre/users/dna/Pipeline/NextFlow/bio-nextflow/blast/work/1f/ac6806223f37b954b219241d63e669
9月-30 14:25:31.205 [Task submitter] INFO  nextflow.Session - [1f/ac6806] Submitted process > NR (NR)
9月-30 14:25:31.220 [Task submitter] DEBUG nextflow.executor.GridTaskHandler - [SLURM] submitted process NR (NR) > jobId: 404010; workDir: /mnt/ilustre/users/dna/Pipeline/NextFlow/bio-nextflow/blast/work/17/a2006976969502329e0ccd29bed177
9月-30 14:25:31.220 [Task submitter] INFO  nextflow.Session - [17/a20069] Submitted process > NR (NR)
9月-30 14:25:31.237 [Task submitter] DEBUG nextflow.executor.GridTaskHandler - [SLURM] submitted process NR (NR) > jobId: 404011; workDir: /mnt/ilustre/users/dna/Pipeline/NextFlow/bio-nextflow/blast/work/cd/eba3c44561090a140fa05fb9cb906d
9月-30 14:25:31.237 [Task submitter] INFO  nextflow.Session - [cd/eba3c4] Submitted process > NR (NR)
9月-30 14:25:31.253 [Task submitter] DEBUG nextflow.executor.GridTaskHandler - [SLURM] submitted process NR (NR) > jobId: 404012; workDir: /mnt/ilustre/users/dna/Pipeline/NextFlow/bio-nextflow/blast/work/e9/bee25f78d7084cca8a413ec5c8cec8
9月-30 14:25:31.254 [Task submitter] INFO  nextflow.Session - [e9/bee25f] Submitted process > NR (NR)
9月-30 14:25:31.270 [Task submitter] DEBUG nextflow.executor.GridTaskHandler - [SLURM] submitted process NR (NR) > jobId: 404013; workDir: /mnt/ilustre/users/dna/Pipeline/NextFlow/bio-nextflow/blast/work/fa/37521c1cde03eed18c16910425a263
9月-30 14:25:31.270 [Task submitter] INFO  nextflow.Session - [fa/37521c] Submitted process > NR (NR)
9月-30 14:25:31.285 [Task submitter] DEBUG nextflow.executor.GridTaskHandler - [SLURM] submitted process NR (NR) > jobId: 404014; workDir: /mnt/ilustre/users/dna/Pipeline/NextFlow/bio-nextflow/blast/work/da/8bf1e8250922f7a3a59f32cec399f9
9月-30 14:25:31.285 [Task submitter] INFO  nextflow.Session - [da/8bf1e8] Submitted process > NR (NR)
9月-30 14:25:31.301 [Task submitter] DEBUG nextflow.executor.GridTaskHandler - [SLURM] submitted process NR (NR) > jobId: 404015; workDir: /mnt/ilustre/users/dna/Pipeline/NextFlow/bio-nextflow/blast/work/65/71fbfd81d63a773ea8168a9711c0b9
9月-30 14:25:31.301 [Task submitter] INFO  nextflow.Session - [65/71fbfd] Submitted process > NR (NR)
9月-30 14:25:31.318 [Task submitter] DEBUG nextflow.executor.GridTaskHandler - [SLURM] submitted process NR (NR) > jobId: 404016; workDir: /mnt/ilustre/users/dna/Pipeline/NextFlow/bio-nextflow/blast/work/a1/ec2cca2e9b52fbc096a5bbf031895c
9月-30 14:25:31.318 [Task submitter] INFO  nextflow.Session - [a1/ec2cca] Submitted process > NR (NR)
9月-30 14:30:31.444 [Task submitter] DEBUG n.processor.TaskPollingMonitor - %% executor slurm > tasks in the submission queue: 1495 -- tasks to be submitted are shown below
~> TaskHandler[jobId: null; id: 100; name: NR (NR); status: NEW; exit: -; error: -; workDir: /mnt/ilustre/users/dna/Pipeline/NextFlow/bio-nextflow/blast/work/b4/2c7f915409fee4b613bc8a08216ef6 started: -; exited: -; ]
~> TaskHandler[jobId: null; id: 101; name: NR (NR); status: NEW; exit: -; error: -; workDir: /mnt/ilustre/users/dna/Pipeline/NextFlow/bio-nextflow/blast/work/ef/fdfd836eaaf66f484da0a6953bc7f9 started: -; exited: -; ]
~> TaskHandler[jobId: null; id: 102; name: NR (NR); status: NEW; exit: -; error: -; workDir: /mnt/ilustre/users/dna/Pipeline/NextFlow/bio-nextflow/blast/work/99/fb2a202f236891d6f5e9bf39e84e33 started: -; exited: -; ]
~> TaskHandler[jobId: null; id: 103; name: NR (NR); status: NEW; exit: -; error: -; workDir: /mnt/ilustre/users/dna/Pipeline/NextFlow/bio-nextflow/blast/work/e3/e050d07d6e7fb41778e4ce32b16f48 started: -; exited: -; ]
~> TaskHandler[jobId: null; id: 104; name: NR (NR); status: NEW; exit: -; error: -; workDir: /mnt/ilustre/users/dna/Pipeline/NextFlow/bio-nextflow/blast/work/3a/6d4df9c1398d407128f2efcbc3396f started: -; exited: -; ]
~> TaskHandler[jobId: null; id: 105; name: NR (NR); status: NEW; exit: -; error: -; workDir: /mnt/ilustre/users/dna/Pipeline/NextFlow/bio-nextflow/blast/work/28/26addce0961d1e1caf478fc89cbf5f started: -; exited: -; ]
~> TaskHandler[jobId: null; id: 106; name: NR (NR); status: NEW; exit: -; error: -; workDir: /mnt/ilustre/users/dna/Pipeline/NextFlow/bio-nextflow/blast/work/47/68a2842933a3d136d5e7b37796ccfb started: -; exited: -; ]
~> TaskHandler[jobId: null; id: 107; name: NR (NR); status: NEW; exit: -; error: -; workDir: /mnt/ilustre/users/dna/Pipeline/NextFlow/bio-nextflow/blast/work/9b/f870862a8d3cf0140035181edb8c52 started: -; exited: -; ]
~> TaskHandler[jobId: null; id: 108; name: NR (NR); status: NEW; exit: -; error: -; workDir: /mnt/ilustre/users/dna/Pipeline/NextFlow/bio-nextflow/blast/work/13/2eba398f27c209906164d9da2c498a started: -; exited: -; ]
~> TaskHandler[jobId: null; id: 109; name: NR (NR); status: NEW; exit: -; error: -; workDir: /mnt/ilustre/users/dna/Pipeline/NextFlow/bio-nextflow/blast/work/7d/47152472b51f106212565fb374d229 started: -; exited: -; ]
.. remaining tasks omitted.
9月-30 14:30:33.482 [Task monitor] DEBUG n.processor.TaskPollingMonitor - !! executor slurm > tasks to be completed: 100 -- submitted tasks are shown below
~> TaskHandler[jobId: 403917; id: 52; name: NR (NR); status: RUNNING; exit: -; error: -; workDir: /mnt/ilustre/users/dna/Pipeline/NextFlow/bio-nextflow/blast/work/db/e4e800af73a1321f3fc7987ab6fad6 started: 1632983133476; exited: -; ]
~> TaskHandler[jobId: 403918; id: 28; name: NR (NR); status: RUNNING; exit: -; error: -; workDir: /mnt/ilustre/users/dna/Pipeline/NextFlow/bio-nextflow/blast/work/ad/8ebd671e0d99c362eec2ce73f03092 started: 1632983133500; exited: -; ]
~> TaskHandler[jobId: 403919; id: 10; name: NR (NR); status: RUNNING; exit: -; error: -; workDir: /mnt/ilustre/users/dna/Pipeline/NextFlow/bio-nextflow/blast/work/10/c8b2d31b1e9f7aa537ac63d9082fbb started: 1632983133502; exited: -; ]
~> TaskHandler[jobId: 403920; id: 11; name: NR (NR); status: RUNNING; exit: -; error: -; workDir: /mnt/ilustre/users/dna/Pipeline/NextFlow/bio-nextflow/blast/work/b7/c024ce2c788b5d87a98063a35d16c4 started: 1632983133503; exited: -; ]
~> TaskHandler[jobId: 403921; id: 22; name: NR (NR); status: RUNNING; exit: -; error: -; workDir: /mnt/ilustre/users/dna/Pipeline/NextFlow/bio-nextflow/blast/work/02/821a8337d3c8d31b3a052d2133a671 started: 1632983133505; exited: -; ]
~> TaskHandler[jobId: 403922; id: 61; name: NR (NR); status: RUNNING; exit: -; error: -; workDir: /mnt/ilustre/users/dna/Pipeline/NextFlow/bio-nextflow/blast/work/46/02aa27042b148160db28948e24e29d started: 1632983133506; exited: -; ]
~> TaskHandler[jobId: 403923; id: 5; name: NR (NR); status: RUNNING; exit: -; error: -; workDir: /mnt/ilustre/users/dna/Pipeline/NextFlow/bio-nextflow/blast/work/66/34b1ca2814c233779f80b7f0272361 started: 1632983133507; exited: -; ]
~> TaskHandler[jobId: 403924; id: 46; name: NR (NR); status: RUNNING; exit: -; error: -; workDir: /mnt/ilustre/users/dna/Pipeline/NextFlow/bio-nextflow/blast/work/c9/9c1d128a707e7d3142104910d490f8 started: 1632983133509; exited: -; ]
~> TaskHandler[jobId: 403925; id: 24; name: NR (NR); status: RUNNING; exit: -; error: -; workDir: /mnt/ilustre/users/dna/Pipeline/NextFlow/bio-nextflow/blast/work/60/37550118420472d1c542033f36ea47 started: 1632983133510; exited: -; ]
~> TaskHandler[jobId: 403926; id: 42; name: NR (NR); status: RUNNING; exit: -; error: -; workDir: /mnt/ilustre/users/dna/Pipeline/NextFlow/bio-nextflow/blast/work/4c/b381d5bf6f6e16faa3681dfc31c176 started: 1632983133511; exited: -; ]
.. remaining tasks omitted.
9月-30 14:35:31.548 [Task submitter] DEBUG n.processor.TaskPollingMonitor - %% executor slurm > tasks in the submission queue: 1495 -- tasks to be submitted are shown below
~> TaskHandler[jobId: null; id: 100; name: NR (NR); status: NEW; exit: -; error: -; workDir: /mnt/ilustre/users/dna/Pipeline/NextFlow/bio-nextflow/blast/work/b4/2c7f915409fee4b613bc8a08216ef6 started: -; exited: -; ]
~> TaskHandler[jobId: null; id: 101; name: NR (NR); status: NEW; exit: -; error: -; workDir: /mnt/ilustre/users/dna/Pipeline/NextFlow/bio-nextflow/blast/work/ef/fdfd836eaaf66f484da0a6953bc7f9 started: -; exited: -; ]
~> TaskHandler[jobId: null; id: 102; name: NR (NR); status: NEW; exit: -; error: -; workDir: /mnt/ilustre/users/dna/Pipeline/NextFlow/bio-nextflow/blast/work/99/fb2a202f236891d6f5e9bf39e84e33 started: -; exited: -; ]
~> TaskHandler[jobId: null; id: 103; name: NR (NR); status: NEW; exit: -; error: -; workDir: /mnt/ilustre/users/dna/Pipeline/NextFlow/bio-nextflow/blast/work/e3/e050d07d6e7fb41778e4ce32b16f48 started: -; exited: -; ]
~> TaskHandler[jobId: null; id: 104; name: NR (NR); status: NEW; exit: -; error: -; workDir: /mnt/ilustre/users/dna/Pipeline/NextFlow/bio-nextflow/blast/work/3a/6d4df9c1398d407128f2efcbc3396f started: -; exited: -; ]
~> TaskHandler[jobId: null; id: 105; name: NR (NR); status: NEW; exit: -; error: -; workDir: /mnt/ilustre/users/dna/Pipeline/NextFlow/bio-nextflow/blast/work/28/26addce0961d1e1caf478fc89cbf5f started: -; exited: -; ]
~> TaskHandler[jobId: null; id: 106; name: NR (NR); status: NEW; exit: -; error: -; workDir: /mnt/ilustre/users/dna/Pipeline/NextFlow/bio-nextflow/blast/work/47/68a2842933a3d136d5e7b37796ccfb started: -; exited: -; ]
~> TaskHandler[jobId: null; id: 107; name: NR (NR); status: NEW; exit: -; error: -; workDir: /mnt/ilustre/users/dna/Pipeline/NextFlow/bio-nextflow/blast/work/9b/f870862a8d3cf0140035181edb8c52 started: -; exited: -; ]
~> TaskHandler[jobId: null; id: 108; name: NR (NR); status: NEW; exit: -; error: -; workDir: /mnt/ilustre/users/dna/Pipeline/NextFlow/bio-nextflow/blast/work/13/2eba398f27c209906164d9da2c498a started: -; exited: -; ]
~> TaskHandler[jobId: null; id: 109; name: NR (NR); status: NEW; exit: -; error: -; workDir: /mnt/ilustre/users/dna/Pipeline/NextFlow/bio-nextflow/blast/work/7d/47152472b51f106212565fb374d229 started: -; exited: -; ]
.. remaining tasks omitted.
9月-30 14:35:33.488 [Task monitor] DEBUG n.processor.TaskPollingMonitor - !! executor slurm > tasks to be completed: 100 -- submitted tasks are shown below
~> TaskHandler[jobId: 403917; id: 52; name: NR (NR); status: RUNNING; exit: -; error: -; workDir: /mnt/ilustre/users/dna/Pipeline/NextFlow/bio-nextflow/blast/work/db/e4e800af73a1321f3fc7987ab6fad6 started: 1632983133476; exited: -; ]
~> TaskHandler[jobId: 403918; id: 28; name: NR (NR); status: RUNNING; exit: -; error: -; workDir: /mnt/ilustre/users/dna/Pipeline/NextFlow/bio-nextflow/blast/work/ad/8ebd671e0d99c362eec2ce73f03092 started: 1632983133500; exited: -; ]
~> TaskHandler[jobId: 403919; id: 10; name: NR (NR); status: RUNNING; exit: -; error: -; workDir: /mnt/ilustre/users/dna/Pipeline/NextFlow/bio-nextflow/blast/work/10/c8b2d31b1e9f7aa537ac63d9082fbb started: 1632983133502; exited: -; ]
~> TaskHandler[jobId: 403920; id: 11; name: NR (NR); status: RUNNING; exit: -; error: -; workDir: /mnt/ilustre/users/dna/Pipeline/NextFlow/bio-nextflow/blast/work/b7/c024ce2c788b5d87a98063a35d16c4 started: 1632983133503; exited: -; ]
~> TaskHandler[jobId: 403921; id: 22; name: NR (NR); status: RUNNING; exit: -; error: -; workDir: /mnt/ilustre/users/dna/Pipeline/NextFlow/bio-nextflow/blast/work/02/821a8337d3c8d31b3a052d2133a671 started: 1632983133505; exited: -; ]
~> TaskHandler[jobId: 403922; id: 61; name: NR (NR); status: RUNNING; exit: -; error: -; workDir: /mnt/ilustre/users/dna/Pipeline/NextFlow/bio-nextflow/blast/work/46/02aa27042b148160db28948e24e29d started: 1632983133506; exited: -; ]
~> TaskHandler[jobId: 403923; id: 5; name: NR (NR); status: RUNNING; exit: -; error: -; workDir: /mnt/ilustre/users/dna/Pipeline/NextFlow/bio-nextflow/blast/work/66/34b1ca2814c233779f80b7f0272361 started: 1632983133507; exited: -; ]
~> TaskHandler[jobId: 403924; id: 46; name: NR (NR); status: RUNNING; exit: -; error: -; workDir: /mnt/ilustre/users/dna/Pipeline/NextFlow/bio-nextflow/blast/work/c9/9c1d128a707e7d3142104910d490f8 started: 1632983133509; exited: -; ]
~> TaskHandler[jobId: 403925; id: 24; name: NR (NR); status: RUNNING; exit: -; error: -; workDir: /mnt/ilustre/users/dna/Pipeline/NextFlow/bio-nextflow/blast/work/60/37550118420472d1c542033f36ea47 started: 1632983133510; exited: -; ]
~> TaskHandler[jobId: 403926; id: 42; name: NR (NR); status: RUNNING; exit: -; error: -; workDir: /mnt/ilustre/users/dna/Pipeline/NextFlow/bio-nextflow/blast/work/4c/b381d5bf6f6e16faa3681dfc31c176 started: 1632983133511; exited: -; ]
.. remaining tasks omitted.
9月-30 14:39:36.055 [SIGINT handler] DEBUG nextflow.Session - Session aborted -- Cause: SIGINT
9月-30 14:39:36.071 [SIGINT handler] DEBUG nextflow.Session - The following nodes are still active:
  [operator] collectFile

9月-30 14:39:36.074 [main] DEBUG nextflow.Session - Session await > all process finished
9月-30 14:39:36.075 [main] DEBUG nextflow.Session - Session await > all barriers passed
9月-30 14:39:36.082 [Actor Thread 1] DEBUG nextflow.file.SortFileCollector - FileCollector temp dir not removed: null
9月-30 14:39:36.085 [main] WARN  n.processor.TaskPollingMonitor - Killing pending tasks (100)
9月-30 14:39:36.137 [main] DEBUG nextflow.trace.WorkflowStatsObserver - Workflow completed > WorkflowStats[succeededCount=0; failedCount=0; ignoredCount=0; cachedCount=0; pendingCount=1495; submittedCount=79; runningCount=-79; retriesCount=0; abortedCount=100; succeedDuration=0ms; failedDuration=0ms; cachedDuration=0ms;loadCpus=-1264; loadMemory=0; peakRunning=21; peakCpus=336; peakMemory=2.1 TB; ]
9月-30 14:39:36.226 [main] DEBUG nextflow.CacheDB - Closing CacheDB done
9月-30 14:39:36.244 [main] DEBUG nextflow.script.ScriptRunner - > Execution complete -- Goodbye
