9月-26 13:36:11.999 [main] DEBUG nextflow.cli.Launcher - $> nextflow run hello.nf --ref GCF_000002035.6_GRCz11_genomic.fna --gff GCF_000002035.6_GRCz11_genomic.gff -resume
9月-26 13:36:12.171 [main] INFO  nextflow.cli.CmdRun - N E X T F L O W  ~  version 21.04.3
9月-26 13:36:12.207 [main] INFO  nextflow.cli.CmdRun - Launching `hello.nf` [loving_goldstine] - revision: b52d7d15a9
9月-26 13:36:12.336 [main] DEBUG nextflow.plugin.PluginsFacade - Setting up plugin manager > mode=prod; plugins-dir=/mnt/ilustre/users/dna/.nextflow/plugins
9月-26 13:36:12.338 [main] DEBUG nextflow.plugin.PluginsFacade - Plugins default=[]
9月-26 13:36:12.343 [main] DEBUG nextflow.plugin.PluginsFacade - Plugins local root: .nextflow/plr/empty
9月-26 13:36:12.353 [main] INFO  org.pf4j.DefaultPluginStatusProvider - Enabled plugins: []
9月-26 13:36:12.355 [main] INFO  org.pf4j.DefaultPluginStatusProvider - Disabled plugins: []
9月-26 13:36:12.361 [main] INFO  org.pf4j.DefaultPluginManager - PF4J version 3.4.1 in 'deployment' mode
9月-26 13:36:12.375 [main] INFO  org.pf4j.AbstractPluginManager - No plugins
9月-26 13:36:12.467 [main] DEBUG nextflow.Session - Session uuid: 909601a0-2870-414b-9be0-c870c4392719
9月-26 13:36:12.469 [main] DEBUG nextflow.Session - Run name: loving_goldstine
9月-26 13:36:12.472 [main] DEBUG nextflow.Session - Executor pool size: 64
9月-26 13:36:12.537 [main] DEBUG nextflow.cli.CmdRun - 
  Version: 21.04.3 build 5560
  Created: 21-07-2021 15:09 UTC (23:09 CDT)
  System: Linux 4.18.0-240.22.1.el8_3.x86_64
  Runtime: Groovy 3.0.7 on Java HotSpot(TM) 64-Bit Server VM 11.0.11+9-LTS-194
  Encoding: UTF-8 (UTF-8)
  Process: 266791@compute-5-95 [10.2.4.236]
  CPUs: 64 - Mem: 125.2 GB (17.5 GB) - Swap: 4 GB (2.6 GB)
9月-26 13:36:12.601 [main] DEBUG nextflow.Session - Work-dir: /mnt/ilustre/users/dna/Pipeline/NextFlow/bio-nextflow/Annotation/work [lustre]
9月-26 13:36:12.630 [main] DEBUG nextflow.executor.ExecutorFactory - Extension executors providers=[]
9月-26 13:36:12.647 [main] DEBUG nextflow.Session - Observer factory: DefaultObserverFactory
9月-26 13:36:12.896 [main] DEBUG nextflow.Session - Session start invoked
9月-26 13:36:14.330 [main] DEBUG nextflow.script.ScriptRunner - > Launching execution
9月-26 13:36:14.340 [main] DEBUG nextflow.Session - Workflow process names [dsl1]: uniprot_merge, fastaGenerate, UniProt, cog_merge, NR, GO, KEGG, go_merge, COG, kegg_merge, nr_merge
9月-26 13:36:14.452 [main] DEBUG nextflow.executor.ExecutorFactory - << taskConfig executor: local
9月-26 13:36:14.453 [main] DEBUG nextflow.executor.ExecutorFactory - >> processorType: 'local'
9月-26 13:36:14.460 [main] DEBUG nextflow.executor.Executor - [warm up] executor > local
9月-26 13:36:14.467 [main] DEBUG n.processor.LocalPollingMonitor - Creating local task monitor for executor 'local' > cpus=64; memory=125.2 GB; capacity=64; pollInterval=100ms; dumpInterval=5m
9月-26 13:36:14.740 [main] DEBUG nextflow.executor.ExecutorFactory - << taskConfig executor: slurm
9月-26 13:36:14.740 [main] DEBUG nextflow.executor.ExecutorFactory - >> processorType: 'slurm'
9月-26 13:36:14.753 [main] DEBUG nextflow.executor.Executor - [warm up] executor > slurm
9月-26 13:36:14.757 [main] DEBUG n.processor.TaskPollingMonitor - Creating task monitor for executor 'slurm' > capacity: 100; pollInterval: 5s; dumpInterval: 5m 
9月-26 13:36:14.760 [main] DEBUG n.executor.AbstractGridExecutor - Creating executor 'slurm' > queue-stat-interval: 1m
9月-26 13:36:14.770 [main] DEBUG nextflow.executor.ExecutorFactory - << taskConfig executor: slurm
9月-26 13:36:14.770 [main] DEBUG nextflow.executor.ExecutorFactory - >> processorType: 'slurm'
9月-26 13:36:14.782 [main] DEBUG nextflow.executor.ExecutorFactory - << taskConfig executor: slurm
9月-26 13:36:14.782 [main] DEBUG nextflow.executor.ExecutorFactory - >> processorType: 'slurm'
9月-26 13:36:14.793 [main] DEBUG nextflow.executor.ExecutorFactory - << taskConfig executor: slurm
9月-26 13:36:14.793 [main] DEBUG nextflow.executor.ExecutorFactory - >> processorType: 'slurm'
9月-26 13:36:14.802 [main] DEBUG nextflow.executor.ExecutorFactory - << taskConfig executor: slurm
9月-26 13:36:14.803 [main] DEBUG nextflow.executor.ExecutorFactory - >> processorType: 'slurm'
9月-26 13:36:14.820 [main] DEBUG nextflow.executor.ExecutorFactory - << taskConfig executor: slurm
9月-26 13:36:14.821 [main] DEBUG nextflow.executor.ExecutorFactory - >> processorType: 'slurm'
9月-26 13:36:14.831 [main] DEBUG nextflow.executor.ExecutorFactory - << taskConfig executor: slurm
9月-26 13:36:14.831 [main] DEBUG nextflow.executor.ExecutorFactory - >> processorType: 'slurm'
9月-26 13:36:14.840 [main] DEBUG nextflow.executor.ExecutorFactory - << taskConfig executor: slurm
9月-26 13:36:14.841 [main] DEBUG nextflow.executor.ExecutorFactory - >> processorType: 'slurm'
9月-26 13:36:14.848 [main] DEBUG nextflow.executor.ExecutorFactory - << taskConfig executor: slurm
9月-26 13:36:14.848 [main] DEBUG nextflow.executor.ExecutorFactory - >> processorType: 'slurm'
9月-26 13:36:14.855 [main] DEBUG nextflow.executor.ExecutorFactory - << taskConfig executor: slurm
9月-26 13:36:14.856 [main] DEBUG nextflow.executor.ExecutorFactory - >> processorType: 'slurm'
9月-26 13:36:14.860 [main] DEBUG nextflow.script.ScriptRunner - > Await termination 
9月-26 13:36:14.861 [main] DEBUG nextflow.Session - Session await
9月-26 13:36:14.898 [Actor Thread 3] INFO  nextflow.processor.TaskProcessor - [26/d8d69b] Cached process > fastaGenerate (fastaGenerate)
9月-26 13:36:14.943 [Actor Thread 5] DEBUG nextflow.sort.BigSort - Sort completed -- entries: 1; slices: 1; internal sort time: 0.001 s; external sort time: 0.001 s; total time: 0.002 s
9月-26 13:36:14.944 [Actor Thread 5] DEBUG nextflow.file.FileCollector - >> temp file exists? true
9月-26 13:36:14.945 [Actor Thread 5] DEBUG nextflow.file.FileCollector - Retrivied cached collect-files from: /tmp/10051cfc7d2350f24862a30eb3b4b99f.collect-file -- cached files: [/mnt/ilustre/users/dna/Pipeline/NextFlow/bio-nextflow/Annotation/work/tmp/74/e8e18e37fc756e7754088ff30e9245/ref.final.fa]
9月-26 13:36:14.951 [Actor Thread 1] DEBUG n.splitter.AbstractTextSplitter - Splitter `Fasta` collector path: nextflow.splitter.TextFileCollector$CachePath(/mnt/ilustre/users/dna/Pipeline/NextFlow/bio-nextflow/Annotation/work/6e/83a856c78ba28697f63cce5ae216d0/ref.final.fa, null)
9月-26 13:36:14.960 [Actor Thread 1] DEBUG nextflow.splitter.AbstractSplitter - Operator `Fasta` reusing cached chunks at path: /mnt/ilustre/users/dna/Pipeline/NextFlow/bio-nextflow/Annotation/work/6e/83a856c78ba28697f63cce5ae216d0/ref.final.fa
9月-26 13:36:14.962 [Actor Thread 5] DEBUG nextflow.file.FileCollector - Deleting file collector temp dir: /tmp/nxf-16410821828516162674
9月-26 13:36:15.156 [Actor Thread 68] INFO  nextflow.processor.TaskProcessor - [d8/bd2c5b] Cached process > UniProt (UniProt)
9月-26 13:36:15.156 [Actor Thread 73] INFO  nextflow.processor.TaskProcessor - [59/9ef4c8] Cached process > UniProt (UniProt)
9月-26 13:36:15.156 [Actor Thread 9] INFO  nextflow.processor.TaskProcessor - [44/943e2c] Cached process > NR (NR)
9月-26 13:36:15.156 [Actor Thread 31] INFO  nextflow.processor.TaskProcessor - [f6/e278f0] Cached process > COG (COG)
9月-26 13:36:15.157 [Actor Thread 109] INFO  nextflow.processor.TaskProcessor - [a7/d85dda] Cached process > KEGG (KEGG)
9月-26 13:36:15.156 [Actor Thread 60] INFO  nextflow.processor.TaskProcessor - [f8/920fbe] Cached process > KEGG (KEGG)
9月-26 13:36:15.156 [Actor Thread 84] INFO  nextflow.processor.TaskProcessor - [aa/977f39] Cached process > NR (NR)
9月-26 13:36:15.156 [Actor Thread 34] INFO  nextflow.processor.TaskProcessor - [a0/c55e6b] Cached process > UniProt (UniProt)
9月-26 13:36:15.157 [Actor Thread 63] INFO  nextflow.processor.TaskProcessor - [28/c71821] Cached process > COG (COG)
9月-26 13:36:15.158 [Actor Thread 26] INFO  nextflow.processor.TaskProcessor - [c9/6c829a] Cached process > NR (NR)
9月-26 13:36:15.161 [Actor Thread 66] INFO  nextflow.processor.TaskProcessor - [da/23fcf5] Cached process > KEGG (KEGG)
9月-26 13:36:15.164 [Actor Thread 46] INFO  nextflow.processor.TaskProcessor - [af/d82b18] Cached process > NR (NR)
9月-26 13:36:15.165 [Actor Thread 62] INFO  nextflow.processor.TaskProcessor - [41/cd5f43] Cached process > COG (COG)
9月-26 13:36:15.165 [Actor Thread 95] INFO  nextflow.processor.TaskProcessor - [57/fe41f3] Cached process > NR (NR)
9月-26 13:36:15.167 [Actor Thread 43] INFO  nextflow.processor.TaskProcessor - [e7/b1702c] Cached process > KEGG (KEGG)
9月-26 13:36:15.168 [Actor Thread 123] INFO  nextflow.processor.TaskProcessor - [6c/fbdbd7] Cached process > KEGG (KEGG)
9月-26 13:36:15.168 [Actor Thread 35] INFO  nextflow.processor.TaskProcessor - [59/87915c] Cached process > COG (COG)
9月-26 13:36:15.168 [Actor Thread 18] INFO  nextflow.processor.TaskProcessor - [0b/f44390] Cached process > NR (NR)
9月-26 13:36:15.169 [Actor Thread 113] INFO  nextflow.processor.TaskProcessor - [ed/eb32cb] Cached process > COG (COG)
9月-26 13:36:15.168 [Actor Thread 28] INFO  nextflow.processor.TaskProcessor - [65/7cc7d1] Cached process > KEGG (KEGG)
9月-26 13:36:15.168 [Actor Thread 85] INFO  nextflow.processor.TaskProcessor - [8b/fc14d6] Cached process > UniProt (UniProt)
9月-26 13:36:15.168 [Actor Thread 103] INFO  nextflow.processor.TaskProcessor - [a7/de79eb] Cached process > COG (COG)
9月-26 13:36:15.169 [Actor Thread 55] INFO  nextflow.processor.TaskProcessor - [80/34da2a] Cached process > UniProt (UniProt)
9月-26 13:36:15.169 [Actor Thread 79] INFO  nextflow.processor.TaskProcessor - [e9/d57631] Cached process > COG (COG)
9月-26 13:36:15.169 [Actor Thread 11] INFO  nextflow.processor.TaskProcessor - [3a/c13e6d] Cached process > COG (COG)
9月-26 13:36:15.169 [Actor Thread 93] INFO  nextflow.processor.TaskProcessor - [b2/6f9a97] Cached process > NR (NR)
9月-26 13:36:15.169 [Actor Thread 98] INFO  nextflow.processor.TaskProcessor - [63/add3e3] Cached process > COG (COG)
9月-26 13:36:15.169 [Actor Thread 92] INFO  nextflow.processor.TaskProcessor - [ac/ede1d8] Cached process > COG (COG)
9月-26 13:36:15.169 [Actor Thread 54] INFO  nextflow.processor.TaskProcessor - [d6/d00144] Cached process > KEGG (KEGG)
9月-26 13:36:15.169 [Actor Thread 30] INFO  nextflow.processor.TaskProcessor - [db/c5d5f8] Cached process > NR (NR)
9月-26 13:36:15.170 [Actor Thread 29] INFO  nextflow.processor.TaskProcessor - [c4/47719f] Cached process > UniProt (UniProt)
9月-26 13:36:15.170 [Actor Thread 115] INFO  nextflow.processor.TaskProcessor - [45/2569b3] Cached process > KEGG (KEGG)
9月-26 13:36:15.170 [Actor Thread 69] INFO  nextflow.processor.TaskProcessor - [6a/38d0e8] Cached process > KEGG (KEGG)
9月-26 13:36:15.170 [Actor Thread 88] INFO  nextflow.processor.TaskProcessor - [d7/75949f] Cached process > KEGG (KEGG)
9月-26 13:36:15.170 [Actor Thread 110] INFO  nextflow.processor.TaskProcessor - [b8/72e71d] Cached process > COG (COG)
9月-26 13:36:15.170 [Actor Thread 32] INFO  nextflow.processor.TaskProcessor - [9a/58afe7] Cached process > UniProt (UniProt)
9月-26 13:36:15.170 [Actor Thread 83] INFO  nextflow.processor.TaskProcessor - [fc/455daf] Cached process > COG (COG)
9月-26 13:36:15.170 [Actor Thread 56] INFO  nextflow.processor.TaskProcessor - [dd/3c2310] Cached process > NR (NR)
9月-26 13:36:15.170 [Actor Thread 12] INFO  nextflow.processor.TaskProcessor - [cb/0be0e4] Cached process > UniProt (UniProt)
9月-26 13:36:15.171 [Actor Thread 39] INFO  nextflow.processor.TaskProcessor - [09/11606e] Cached process > KEGG (KEGG)
9月-26 13:36:15.171 [Actor Thread 47] INFO  nextflow.processor.TaskProcessor - [ae/12108a] Cached process > KEGG (KEGG)
9月-26 13:36:15.171 [Actor Thread 116] INFO  nextflow.processor.TaskProcessor - [9e/8e157c] Cached process > COG (COG)
9月-26 13:36:15.171 [Actor Thread 33] INFO  nextflow.processor.TaskProcessor - [a2/58fb57] Cached process > COG (COG)
9月-26 13:36:15.172 [Actor Thread 67] INFO  nextflow.processor.TaskProcessor - [21/cf7dda] Cached process > COG (COG)
9月-26 13:36:15.171 [Actor Thread 58] INFO  nextflow.processor.TaskProcessor - [49/d0b22b] Cached process > NR (NR)
9月-26 13:36:15.171 [Actor Thread 97] INFO  nextflow.processor.TaskProcessor - [af/a4efc9] Cached process > UniProt (UniProt)
9月-26 13:36:15.171 [Actor Thread 17] INFO  nextflow.processor.TaskProcessor - [23/1866fc] Cached process > COG (COG)
9月-26 13:36:15.171 [Actor Thread 52] INFO  nextflow.processor.TaskProcessor - [41/50cd14] Cached process > COG (COG)
9月-26 13:36:15.172 [Actor Thread 118] INFO  nextflow.processor.TaskProcessor - [75/881c96] Cached process > KEGG (KEGG)
9月-26 13:36:15.172 [Actor Thread 38] INFO  nextflow.processor.TaskProcessor - [28/ad5800] Cached process > COG (COG)
9月-26 13:36:15.172 [Actor Thread 41] INFO  nextflow.processor.TaskProcessor - [74/4a4a75] Cached process > NR (NR)
9月-26 13:36:15.172 [Actor Thread 53] INFO  nextflow.processor.TaskProcessor - [21/7102eb] Cached process > NR (NR)
9月-26 13:36:15.172 [Actor Thread 45] INFO  nextflow.processor.TaskProcessor - [ba/366c4a] Cached process > COG (COG)
9月-26 13:36:15.172 [Actor Thread 65] INFO  nextflow.processor.TaskProcessor - [d8/3427a7] Cached process > NR (NR)
9月-26 13:36:15.172 [Actor Thread 119] INFO  nextflow.processor.TaskProcessor - [db/d1fe47] Cached process > COG (COG)
9月-26 13:36:15.174 [Actor Thread 99] INFO  nextflow.processor.TaskProcessor - [d0/988e10] Cached process > UniProt (UniProt)
9月-26 13:36:15.172 [Actor Thread 5] INFO  nextflow.processor.TaskProcessor - [13/3bcb6d] Cached process > COG (COG)
9月-26 13:36:15.174 [Actor Thread 102] INFO  nextflow.processor.TaskProcessor - [52/ca935c] Cached process > KEGG (KEGG)
9月-26 13:36:15.174 [Actor Thread 71] INFO  nextflow.processor.TaskProcessor - [d3/37c017] Cached process > KEGG (KEGG)
9月-26 13:36:15.175 [Actor Thread 59] INFO  nextflow.processor.TaskProcessor - [75/33f065] Cached process > UniProt (UniProt)
9月-26 13:36:15.175 [Actor Thread 94] INFO  nextflow.processor.TaskProcessor - [eb/ef4b8e] Cached process > UniProt (UniProt)
9月-26 13:36:15.176 [Actor Thread 101] INFO  nextflow.processor.TaskProcessor - [1e/2b990c] Cached process > NR (NR)
9月-26 13:36:15.177 [Actor Thread 106] INFO  nextflow.processor.TaskProcessor - [d9/008b29] Cached process > UniProt (UniProt)
9月-26 13:36:15.177 [Actor Thread 108] INFO  nextflow.processor.TaskProcessor - [00/ac1436] Cached process > UniProt (UniProt)
9月-26 13:36:15.177 [Actor Thread 126] INFO  nextflow.processor.TaskProcessor - [01/8e7261] Cached process > GO (GO)
9月-26 13:36:15.178 [Actor Thread 16] INFO  nextflow.processor.TaskProcessor - [e9/0d2f7b] Cached process > UniProt (UniProt)
9月-26 13:36:15.179 [Actor Thread 122] INFO  nextflow.processor.TaskProcessor - [f5/c5d71d] Cached process > KEGG (KEGG)
9月-26 13:36:15.179 [Actor Thread 25] INFO  nextflow.processor.TaskProcessor - [97/a336a4] Cached process > KEGG (KEGG)
9月-26 13:36:15.179 [Actor Thread 78] INFO  nextflow.processor.TaskProcessor - [e0/746230] Cached process > NR (NR)
9月-26 13:36:15.180 [Actor Thread 127] INFO  nextflow.processor.TaskProcessor - [c0/b770d6] Cached process > GO (GO)
9月-26 13:36:15.190 [Actor Thread 34] INFO  nextflow.processor.TaskProcessor - [d7/d5e21e] Cached process > GO (GO)
9月-26 13:36:15.190 [Actor Thread 60] INFO  nextflow.processor.TaskProcessor - [3f/29290d] Cached process > GO (GO)
9月-26 13:36:15.190 [Actor Thread 31] INFO  nextflow.processor.TaskProcessor - [26/5e1345] Cached process > GO (GO)
9月-26 13:36:15.190 [Actor Thread 91] INFO  nextflow.processor.TaskProcessor - [10/245c06] Cached process > UniProt (UniProt)
9月-26 13:36:15.191 [Actor Thread 117] INFO  nextflow.processor.TaskProcessor - [35/ed787e] Cached process > UniProt (UniProt)
9月-26 13:36:15.193 [Actor Thread 95] INFO  nextflow.processor.TaskProcessor - [96/95d66e] Cached process > GO (GO)
9月-26 13:36:15.195 [Actor Thread 73] INFO  nextflow.processor.TaskProcessor - [31/6e62d2] Cached process > GO (GO)
9月-26 13:36:15.196 [Actor Thread 66] INFO  nextflow.processor.TaskProcessor - [e5/083e37] Cached process > GO (GO)
9月-26 13:36:15.199 [Actor Thread 123] INFO  nextflow.processor.TaskProcessor - [f5/682ec7] Cached process > GO (GO)
9月-26 13:36:15.200 [Actor Thread 46] INFO  nextflow.processor.TaskProcessor - [32/fc712c] Cached process > GO (GO)
9月-26 13:36:15.201 [Actor Thread 109] INFO  nextflow.processor.TaskProcessor - [c7/ce4bf1] Cached process > GO (GO)
9月-26 13:36:15.202 [Actor Thread 68] INFO  nextflow.processor.TaskProcessor - [5d/dcdc2d] Cached process > GO (GO)
9月-26 13:36:15.202 [Actor Thread 120] INFO  nextflow.processor.TaskProcessor - [aa/ea9165] Cached process > KEGG (KEGG)
9月-26 13:36:15.202 [Actor Thread 26] INFO  nextflow.processor.TaskProcessor - [1e/ea8fd7] Cached process > GO (GO)
9月-26 13:36:15.203 [Actor Thread 9] INFO  nextflow.processor.TaskProcessor - [51/9128fb] Cached process > GO (GO)
9月-26 13:36:15.203 [Actor Thread 125] INFO  nextflow.processor.TaskProcessor - [2a/bb7646] Cached process > GO (GO)
9月-26 13:36:15.203 [Actor Thread 89] INFO  nextflow.processor.TaskProcessor - [e3/c4b61b] Cached process > NR (NR)
9月-26 13:36:15.203 [Actor Thread 37] INFO  nextflow.processor.TaskProcessor - [18/ac0192] Cached process > KEGG (KEGG)
9月-26 13:36:15.204 [Actor Thread 121] INFO  nextflow.processor.TaskProcessor - [11/fb9a51] Cached process > KEGG (KEGG)
9月-26 13:36:15.204 [Actor Thread 61] INFO  nextflow.processor.TaskProcessor - [aa/001e2e] Cached process > NR (NR)
9月-26 13:36:15.205 [Actor Thread 40] INFO  nextflow.processor.TaskProcessor - [31/c2e2f4] Cached process > UniProt (UniProt)
9月-26 13:36:15.205 [Actor Thread 70] INFO  nextflow.processor.TaskProcessor - [da/137dad] Cached process > NR (NR)
9月-26 13:36:15.205 [Actor Thread 19] INFO  nextflow.processor.TaskProcessor - [18/c1a639] Cached process > COG (COG)
9月-26 13:36:15.205 [Actor Thread 15] INFO  nextflow.processor.TaskProcessor - [e2/68e6a1] Cached process > KEGG (KEGG)
9月-26 13:36:15.205 [Actor Thread 107] INFO  nextflow.processor.TaskProcessor - [22/623439] Cached process > COG (COG)
9月-26 13:36:15.207 [Actor Thread 29] INFO  nextflow.processor.TaskProcessor - [e7/e77887] Cached process > GO (GO)
9月-26 13:36:15.207 [Actor Thread 75] INFO  nextflow.processor.TaskProcessor - [39/216763] Cached process > NR (NR)
9月-26 13:36:15.208 [Actor Thread 44] INFO  nextflow.processor.TaskProcessor - [1c/49e137] Cached process > UniProt (UniProt)
9月-26 13:36:15.208 [Actor Thread 105] INFO  nextflow.processor.TaskProcessor - [56/8117d7] Cached process > KEGG (KEGG)
9月-26 13:36:15.208 [Actor Thread 77] INFO  nextflow.processor.TaskProcessor - [45/3f9e3b] Cached process > NR (NR)
9月-26 13:36:15.208 [Actor Thread 63] INFO  nextflow.processor.TaskProcessor - [1a/72a37b] Cached process > GO (GO)
9月-26 13:36:15.210 [Actor Thread 13] INFO  nextflow.processor.TaskProcessor - [f9/5af9e9] Cached process > NR (NR)
9月-26 13:36:15.210 [Actor Thread 42] INFO  nextflow.processor.TaskProcessor - [42/35f6be] Cached process > COG (COG)
9月-26 13:36:15.260 [Actor Thread 82] INFO  nextflow.processor.TaskProcessor - [0c/f1fcf8] Cached process > NR (NR)
9月-26 13:36:15.261 [Actor Thread 22] INFO  nextflow.processor.TaskProcessor - [f0/c81d52] Cached process > UniProt (UniProt)
9月-26 13:36:15.261 [Actor Thread 64] INFO  nextflow.processor.TaskProcessor - [7e/6c144c] Cached process > UniProt (UniProt)
9月-26 13:36:15.261 [Actor Thread 96] INFO  nextflow.processor.TaskProcessor - [79/6fd4fd] Cached process > KEGG (KEGG)
9月-26 13:36:15.261 [Actor Thread 10] INFO  nextflow.processor.TaskProcessor - [d6/d5e022] Cached process > UniProt (UniProt)
9月-26 13:36:15.261 [Actor Thread 50] INFO  nextflow.processor.TaskProcessor - [1b/567597] Cached process > COG (COG)
9月-26 13:36:15.262 [Actor Thread 57] INFO  nextflow.processor.TaskProcessor - [9a/0df661] Cached process > COG (COG)
9月-26 13:36:15.263 [Actor Thread 27] INFO  nextflow.processor.TaskProcessor - [fc/e56435] Cached process > COG (COG)
9月-26 13:36:15.263 [Actor Thread 124] INFO  nextflow.processor.TaskProcessor - [f7/dc815b] Cached process > KEGG (KEGG)
9月-26 13:36:15.263 [Actor Thread 80] INFO  nextflow.processor.TaskProcessor - [b3/b98c23] Cached process > UniProt (UniProt)
9月-26 13:36:15.263 [Actor Thread 125] INFO  nextflow.processor.TaskProcessor - [e0/769167] Cached process > GO (GO)
9月-26 13:36:15.263 [Actor Thread 72] INFO  nextflow.processor.TaskProcessor - [f5/5827e9] Cached process > NR (NR)
9月-26 13:36:15.265 [Actor Thread 100] INFO  nextflow.processor.TaskProcessor - [e8/fa603d] Cached process > KEGG (KEGG)
9月-26 13:36:15.265 [Actor Thread 107] INFO  nextflow.processor.TaskProcessor - [c8/dfb0e9] Cached process > GO (GO)
9月-26 13:36:15.267 [Actor Thread 36] INFO  nextflow.processor.TaskProcessor - [6a/2e43c9] Cached process > NR (NR)
9月-26 13:36:15.267 [Actor Thread 104] INFO  nextflow.processor.TaskProcessor - [e9/2a0536] Cached process > UniProt (UniProt)
9月-26 13:36:15.267 [Actor Thread 90] INFO  nextflow.processor.TaskProcessor - [44/7160ea] Cached process > KEGG (KEGG)
9月-26 13:36:15.267 [Actor Thread 21] INFO  nextflow.processor.TaskProcessor - [a5/3051ec] Cached process > KEGG (KEGG)
9月-26 13:36:15.267 [Actor Thread 81] INFO  nextflow.processor.TaskProcessor - [a8/7bbb60] Cached process > KEGG (KEGG)
9月-26 13:36:15.268 [Actor Thread 112] INFO  nextflow.processor.TaskProcessor - [8d/fd00c9] Cached process > KEGG (KEGG)
9月-26 13:36:15.268 [Actor Thread 86] INFO  nextflow.processor.TaskProcessor - [98/f3eea4] Cached process > NR (NR)
9月-26 13:36:15.268 [Actor Thread 87] INFO  nextflow.processor.TaskProcessor - [89/c569e6] Cached process > NR (NR)
9月-26 13:36:15.269 [Actor Thread 3] INFO  nextflow.processor.TaskProcessor - [9d/2f0d11] Cached process > COG (COG)
9月-26 13:36:15.269 [Actor Thread 111] INFO  nextflow.processor.TaskProcessor - [43/cab05a] Cached process > UniProt (UniProt)
9月-26 13:36:15.269 [Actor Thread 74] INFO  nextflow.processor.TaskProcessor - [f7/8461d1] Cached process > NR (NR)
9月-26 13:36:15.269 [Actor Thread 76] INFO  nextflow.processor.TaskProcessor - [f5/9b241e] Cached process > NR (NR)
9月-26 13:36:15.269 [Actor Thread 48] INFO  nextflow.processor.TaskProcessor - [96/144def] Cached process > NR (NR)
9月-26 13:36:15.271 [Actor Thread 63] INFO  nextflow.processor.TaskProcessor - [a8/cb04c3] Cached process > GO (GO)
9月-26 13:36:15.273 [Actor Thread 114] INFO  nextflow.processor.TaskProcessor - [ad/153303] Cached process > UniProt (UniProt)
9月-26 13:36:15.273 [Actor Thread 20] INFO  nextflow.processor.TaskProcessor - [7d/6b551d] Cached process > UniProt (UniProt)
9月-26 13:36:15.273 [Actor Thread 51] INFO  nextflow.processor.TaskProcessor - [d7/0a1983] Cached process > UniProt (UniProt)
9月-26 13:36:15.273 [Actor Thread 49] INFO  nextflow.processor.TaskProcessor - [19/000e60] Cached process > UniProt (UniProt)
9月-26 13:36:15.273 [Actor Thread 23] INFO  nextflow.processor.TaskProcessor - [14/7c51ec] Cached process > COG (COG)
9月-26 13:36:15.273 [Actor Thread 82] INFO  nextflow.processor.TaskProcessor - [bc/417ff0] Cached process > GO (GO)
9月-26 13:36:15.277 [Actor Thread 13] INFO  nextflow.processor.TaskProcessor - [3e/425644] Cached process > GO (GO)
9月-26 13:36:15.279 [Actor Thread 50] INFO  nextflow.processor.TaskProcessor - [54/ab54b3] Cached process > GO (GO)
9月-26 13:36:15.282 [Actor Thread 104] INFO  nextflow.processor.TaskProcessor - [be/7e49e6] Cached process > GO (GO)
9月-26 13:36:15.286 [Actor Thread 81] INFO  nextflow.processor.TaskProcessor - [e3/32d93b] Cached process > GO (GO)
9月-26 13:36:15.286 [Actor Thread 21] INFO  nextflow.processor.TaskProcessor - [eb/8b3368] Cached process > GO (GO)
9月-26 13:36:15.287 [Actor Thread 86] INFO  nextflow.processor.TaskProcessor - [59/1de0f0] Cached process > GO (GO)
9月-26 13:36:15.287 [Actor Thread 87] INFO  nextflow.processor.TaskProcessor - [f6/61d6e1] Cached process > GO (GO)
9月-26 13:36:15.288 [Actor Thread 112] INFO  nextflow.processor.TaskProcessor - [dd/8047cb] Cached process > GO (GO)
9月-26 13:36:15.301 [Actor Thread 90] INFO  nextflow.processor.TaskProcessor - [08/bbc451] Cached process > kegg_merge (kegg merge)
9月-26 13:36:15.307 [Actor Thread 13] INFO  nextflow.processor.TaskProcessor - [ec/789aaf] Cached process > uniprot_merge (uniprot merge)
9月-26 13:36:15.307 [Actor Thread 76] INFO  nextflow.processor.TaskProcessor - [95/98b10f] Cached process > nr_merge (nr merge)
9月-26 13:36:15.307 [Actor Thread 20] INFO  nextflow.processor.TaskProcessor - [c3/997bcc] Cached process > cog_merge (Report)
9月-26 13:36:15.420 [Task submitter] DEBUG nextflow.executor.GridTaskHandler - [SLURM] submitted process go_merge (go merge) > jobId: 71337; workDir: /mnt/ilustre/users/dna/Pipeline/NextFlow/bio-nextflow/Annotation/work/a8/3dff7e30b19029177057ba4524a1e9
9月-26 13:36:15.428 [Task submitter] INFO  nextflow.Session - [a8/3dff7e] Submitted process > go_merge (go merge)
9月-26 13:36:44.771 [Task monitor] DEBUG n.processor.TaskPollingMonitor - Task completed > TaskHandler[jobId: 71337; id: 151; name: go_merge (go merge); status: COMPLETED; exit: 0; error: -; workDir: /mnt/ilustre/users/dna/Pipeline/NextFlow/bio-nextflow/Annotation/work/a8/3dff7e30b19029177057ba4524a1e9 started: 1632634604763; exited: 2021-09-26T05:36:42Z; ]
9月-26 13:36:44.799 [main] DEBUG nextflow.Session - Session await > all process finished
9月-26 13:36:44.823 [main] DEBUG nextflow.Session - Session await > all barriers passed
9月-26 13:36:44.832 [main] DEBUG nextflow.trace.WorkflowStatsObserver - Workflow completed > WorkflowStats[succeededCount=1; failedCount=0; ignoredCount=0; cachedCount=150; pendingCount=0; submittedCount=0; runningCount=0; retriesCount=0; abortedCount=0; succeedDuration=7ms; failedDuration=0ms; cachedDuration=12d 9h 18m 37s;loadCpus=0; loadMemory=0; peakRunning=1; peakCpus=1; peakMemory=5 GB; ]
9月-26 13:36:45.039 [main] DEBUG nextflow.CacheDB - Closing CacheDB done
9月-26 13:36:45.061 [main] DEBUG nextflow.script.ScriptRunner - > Execution complete -- Goodbye
